# x, y, theta, v_l, v_r
50.00, 250.25, 1.571, 24.93, 24.93
50.00, 250.50, 1.571, 24.93, 24.93
50.00, 250.75, 1.571, 24.93, 24.93
50.00, 251.00, 1.571, 24.93, 24.93
50.00, 251.25, 1.571, 24.93, 24.93
50.00, 251.50, 1.571, 24.93, 24.93
50.00, 251.74, 1.571, 24.93, 24.93
50.00, 251.99, 1.571, 24.93, 24.93
50.00, 252.24, 1.571, 24.93, 24.93
50.00, 252.49, 1.571, 24.93, 24.93
50.00, 252.74, 1.571, 24.93, 24.93
50.00, 252.99, 1.571, 24.93, 24.93
50.00, 253.24, 1.571, 24.93, 24.93
50.00, 253.49, 1.571, 24.93, 24.93
50.00, 253.74, 1.571, 24.93, 24.93
50.00, 253.99, 1.571, 24.93, 24.93
50.00, 254.24, 1.571, 24.93, 24.93
50.00, 254.49, 1.571, 24.93, 24.93
50.00, 254.74, 1.571, 24.93, 24.93
50.00, 254.99, 1.571, 24.93, 24.93
50.00, 255.23, 1.571, 24.93, 24.93
50.00, 255.48, 1.571, 24.93, 24.93
50.00, 255.73, 1.571, 24.93, 24.93
50.00, 255.98, 1.571, 24.93, 24.93
50.00, 256.23, 1.571, 24.93, 24.93
50.00, 256.48, 1.571, 24.93, 24.93
50.00, 256.73, 1.571, 24.93, 24.93
50.00, 256.98, 1.571, 24.93, 24.93
50.00, 257.23, 1.571, 24.93, 24.93
50.00, 257.48, 1.571, 24.93, 24.93
50.00, 257.73, 1.571, 24.93, 24.93
50.00, 257.98, 1.571, 24.93, 24.93
50.00, 258.23, 1.571, 24.93, 24.93
50.00, 258.48, 1.571, 24.93, 24.93
50.00, 258.72, 1.571, 24.93, 24.93
50.00, 258.97, 1.571, 24.93, 24.93
50.00, 259.22, 1.571, 24.93, 24.93
50.00, 259.47, 1.571, 24.93, 24.93
50.00, 259.72, 1.571, 24.93, 24.93
50.00, 259.97, 1.571, 24.93, 24.93
50.00, 260.22, 1.571, 24.93, 24.93
50.00, 260.47, 1.571, 24.93, 24.93
50.00, 260.72, 1.571, 24.93, 24.93
50.00, 260.97, 1.571, 24.93, 24.93
50.00, 261.22, 1.571, 24.93, 24.93
50.00, 261.47, 1.571, 24.93, 24.93
50.00, 261.72, 1.571, 24.93, 24.93
50.00, 261.96, 1.571, 24.93, 24.93
50.00, 262.21, 1.571, 24.93, 24.93
50.00, 262.46, 1.571, 24.93, 24.93
50.00, 262.71, 1.571, 24.93, 24.93
50.00, 262.96, 1.571, 24.93, 24.93
50.00, 263.21, 1.571, 24.93, 24.93
50.00, 263.46, 1.571, 24.93, 24.93
50.00, 263.71, 1.571, 24.93, 24.93
50.00, 263.96, 1.571, 24.93, 24.93
50.00, 264.21, 1.571, 24.93, 24.93
50.00, 264.46, 1.571, 24.93, 24.93
50.00, 264.71, 1.571, 24.93, 24.93
50.00, 264.96, 1.571, 24.93, 24.93
50.00, 265.21, 1.571, 24.93, 24.93
50.00, 265.45, 1.571, 24.93, 24.93
50.00, 265.70, 1.571, 24.93, 24.93
50.00, 265.95, 1.571, 24.93, 24.93
50.00, 266.20, 1.571, 24.93, 24.93
50.00, 266.45, 1.571, 24.93, 24.93
50.00, 266.70, 1.571, 24.93, 24.93
50.00, 266.95, 1.571, 24.93, 24.93
50.00, 267.20, 1.571, 24.93, 24.93
50.00, 267.45, 1.571, 24.93, 24.93
50.00, 267.70, 1.571, 24.93, 24.93
50.00, 267.95, 1.571, 24.93, 24.93
50.00, 268.20, 1.571, 24.93, 24.93
50.00, 268.45, 1.571, 24.93, 24.93
50.00, 268.70, 1.571, 24.93, 24.93
50.00, 268.94, 1.571, 24.93, 24.93
50.00, 269.19, 1.571, 24.93, 24.93
50.00, 269.44, 1.571, 24.93, 24.93
50.00, 269.69, 1.571, 24.93, 24.93
50.00, 269.94, 1.571, 24.93, 24.93
50.00, 270.19, 1.571, 24.93, 24.93
50.00, 270.44, 1.571, 24.93, 24.93
50.00, 270.69, 1.571, 24.93, 24.93
50.00, 270.94, 1.571, 24.93, 24.93
50.00, 271.19, 1.571, 24.93, 24.93
50.00, 271.44, 1.571, 24.93, 24.93
50.00, 271.69, 1.571, 24.93, 24.93
50.00, 271.94, 1.571, 24.93, 24.93
50.00, 272.18, 1.571, 24.93, 24.93
50.00, 272.43, 1.571, 24.93, 24.93
50.00, 272.68, 1.571, 24.93, 24.93
50.00, 272.93, 1.571, 24.93, 24.93
50.00, 273.18, 1.571, 24.93, 24.93
50.00, 273.43, 1.571, 24.93, 24.93
50.00, 273.68, 1.571, 24.93, 24.93
50.00, 273.93, 1.571, 24.93, 24.93
50.00, 274.18, 1.571, 24.93, 24.93
50.00, 274.43, 1.571, 24.93, 24.93
50.00, 274.68, 1.571, 24.93, 24.93
50.00, 274.93, 1.571, 24.93, 24.93
50.00, 275.18, 1.571, 24.93, 24.93
50.00, 275.43, 1.571, 24.93, 24.93
50.00, 275.67, 1.571, 24.93, 24.93
50.00, 275.92, 1.571, 24.93, 24.93
50.00, 276.17, 1.571, 24.93, 24.93
50.00, 276.42, 1.571, 24.93, 24.93
50.00, 276.67, 1.571, 24.93, 24.93
50.00, 276.92, 1.571, 24.93, 24.93
50.00, 277.17, 1.571, 24.93, 24.93
50.00, 277.42, 1.571, 24.93, 24.93
50.00, 277.67, 1.571, 24.93, 24.93
50.00, 277.92, 1.571, 24.93, 24.93
50.00, 278.17, 1.571, 24.93, 24.93
50.00, 278.42, 1.571, 24.93, 24.93
50.00, 278.67, 1.571, 24.93, 24.93
50.00, 278.91, 1.571, 24.93, 24.93
50.00, 279.16, 1.571, 24.93, 24.93
50.00, 279.41, 1.571, 24.93, 24.93
50.00, 279.66, 1.571, 24.93, 24.93
50.00, 279.91, 1.571, 24.93, 24.93
50.00, 280.16, 1.571, 24.93, 24.93
50.00, 280.41, 1.571, 24.93, 24.93
50.00, 280.66, 1.571, 24.93, 24.93
50.00, 280.91, 1.571, 24.93, 24.93
50.00, 281.16, 1.571, 24.93, 24.93
50.00, 281.41, 1.571, 24.93, 24.93
50.00, 281.66, 1.571, 24.93, 24.93
50.00, 281.91, 1.571, 24.93, 24.93
50.00, 282.16, 1.571, 24.93, 24.93
50.00, 282.40, 1.571, 24.93, 24.93
50.00, 282.65, 1.571, 24.93, 24.93
50.00, 282.90, 1.571, 24.93, 24.93
50.00, 283.15, 1.571, 24.93, 24.93
50.00, 283.40, 1.571, 24.93, 24.93
50.00, 283.65, 1.571, 24.93, 24.93
50.00, 283.90, 1.571, 24.93, 24.93
50.00, 284.15, 1.571, 24.93, 24.93
50.00, 284.40, 1.571, 24.93, 24.93
50.00, 284.65, 1.571, 24.93, 24.93
50.00, 284.90, 1.571, 24.93, 24.93
50.00, 285.15, 1.571, 24.93, 24.93
50.00, 285.40, 1.571, 24.93, 24.93
50.00, 285.65, 1.571, 24.93, 24.93
50.00, 285.89, 1.571, 24.93, 24.93
50.00, 286.14, 1.571, 24.93, 24.93
50.00, 286.39, 1.571, 24.93, 24.93
50.00, 286.64, 1.571, 24.93, 24.93
50.00, 286.89, 1.571, 24.93, 24.93
50.00, 287.14, 1.571, 24.93, 24.93
50.00, 287.39, 1.571, 24.93, 24.93
50.00, 287.64, 1.571, 24.93, 24.93
50.00, 287.89, 1.571, 24.93, 24.93
50.00, 288.14, 1.571, 24.93, 24.93
50.00, 288.39, 1.571, 24.93, 24.93
50.00, 288.64, 1.571, 24.93, 24.93
50.00, 288.89, 1.571, 24.93, 24.93
50.00, 289.13, 1.571, 24.93, 24.93
50.00, 289.38, 1.571, 24.93, 24.93
50.00, 289.63, 1.571, 24.93, 24.93
50.00, 289.88, 1.571, 24.93, 24.93
50.00, 290.13, 1.571, 24.93, 24.93
50.00, 290.38, 1.571, 24.93, 24.93
50.00, 290.63, 1.571, 24.93, 24.93
50.00, 290.88, 1.571, 24.93, 24.93
50.00, 291.13, 1.571, 24.93, 24.93
50.00, 291.38, 1.571, 24.93, 24.93
50.00, 291.63, 1.571, 24.93, 24.93
50.00, 291.88, 1.571, 24.93, 24.93
50.00, 292.13, 1.571, 24.93, 24.93
50.00, 292.38, 1.571, 24.93, 24.93
50.00, 292.62, 1.571, 24.93, 24.93
50.00, 292.87, 1.571, 24.93, 24.93
50.00, 293.12, 1.571, 24.93, 24.93
50.00, 293.37, 1.571, 24.93, 24.93
50.00, 293.62, 1.571, 24.93, 24.93
50.00, 293.87, 1.571, 24.93, 24.93
50.00, 294.12, 1.571, 24.93, 24.93
50.00, 294.37, 1.571, 24.93, 24.93
50.00, 294.62, 1.571, 24.93, 24.93
50.00, 294.87, 1.571, 24.93, 24.93
50.00, 295.12, 1.571, 24.93, 24.93
50.00, 295.37, 1.571, 24.93, 24.93
50.00, 295.62, 1.571, 24.93, 24.93
50.00, 295.87, 1.571, 24.93, 24.93
50.00, 296.11, 1.571, 24.93, 24.93
50.00, 296.36, 1.571, 24.93, 24.93
50.00, 296.61, 1.571, 24.93, 24.93
50.00, 296.86, 1.571, 24.93, 24.93
50.00, 297.11, 1.571, 24.93, 24.93
50.00, 297.36, 1.571, 24.93, 24.93
50.00, 297.61, 1.571, 24.93, 24.93
50.00, 297.86, 1.571, 24.93, 24.93
50.00, 298.11, 1.571, 24.93, 24.93
50.00, 298.36, 1.571, 24.93, 24.93
50.00, 298.61, 1.571, 24.93, 24.93
50.00, 298.86, 1.571, 24.93, 24.93
50.00, 299.11, 1.571, 24.93, 24.93
50.00, 299.35, 1.571, 24.93, 24.93
50.00, 299.60, 1.571, 24.93, 24.93
50.00, 299.85, 1.571, 24.93, 24.93
50.00, 300.10, 1.571, 24.93, 24.93
50.00, 300.35, 1.571, 24.93, 24.93
50.00, 300.60, 1.571, 24.93, 24.93
50.00, 300.85, 1.571, 24.93, 24.93
50.00, 301.10, 1.571, 24.93, 24.93
50.00, 301.35, 1.571, 24.93, 24.93
50.00, 301.60, 1.571, 24.93, 24.93
50.00, 301.85, 1.571, 24.93, 24.93
50.00, 302.10, 1.571, 24.93, 24.93
50.00, 302.35, 1.571, 24.93, 24.93
50.00, 302.60, 1.571, 24.93, 24.93
50.00, 302.84, 1.571, 24.93, 24.93
50.00, 303.09, 1.571, 24.93, 24.93
50.00, 303.34, 1.571, 24.93, 24.93
50.00, 303.59, 1.571, 24.93, 24.93
50.00, 303.84, 1.571, 24.93, 24.93
50.00, 304.09, 1.571, 24.93, 24.93
50.00, 304.34, 1.571, 24.93, 24.93
50.00, 304.59, 1.571, 24.93, 24.93
50.00, 304.84, 1.571, 24.93, 24.93
50.00, 305.09, 1.571, 24.93, 24.93
50.00, 305.34, 1.571, 24.93, 24.93
50.00, 305.59, 1.571, 24.93, 24.93
50.00, 305.84, 1.571, 24.93, 24.93
50.00, 306.09, 1.571, 24.93, 24.93
50.00, 306.33, 1.571, 24.93, 24.93
50.00, 306.58, 1.571, 24.93, 24.93
50.00, 306.83, 1.571, 24.93, 24.93
50.00, 307.08, 1.571, 24.93, 24.93
50.00, 307.33, 1.571, 24.93, 24.93
50.00, 307.58, 1.571, 24.93, 24.93
50.00, 307.83, 1.571, 24.93, 24.93
50.00, 308.08, 1.571, 24.93, 24.93
50.00, 308.33, 1.571, 24.93, 24.93
50.00, 308.58, 1.571, 24.93, 24.93
50.00, 308.83, 1.571, 24.93, 24.93
50.00, 309.08, 1.571, 24.93, 24.93
50.00, 309.33, 1.571, 24.93, 24.93
50.00, 309.57, 1.571, 24.93, 24.93
50.00, 309.82, 1.571, 24.93, 24.93
50.00, 310.07, 1.571, 24.93, 24.93
50.00, 310.32, 1.571, 24.93, 24.93
50.00, 310.57, 1.571, 24.93, 24.93
50.00, 310.82, 1.571, 24.93, 24.93
50.00, 311.07, 1.571, 24.93, 24.93
50.00, 311.32, 1.571, 24.93, 24.93
50.00, 311.57, 1.571, 24.93, 24.93
50.00, 311.82, 1.571, 24.93, 24.93
50.00, 312.07, 1.571, 24.93, 24.93
50.00, 312.32, 1.571, 24.93, 24.93
50.00, 312.57, 1.571, 24.93, 24.93
50.00, 312.82, 1.571, 24.93, 24.93
50.00, 313.06, 1.571, 24.93, 24.93
50.00, 313.31, 1.571, 24.93, 24.93
50.00, 313.56, 1.571, 24.93, 24.93
50.00, 313.81, 1.571, 24.93, 24.93
50.00, 314.06, 1.571, 24.93, 24.93
50.00, 314.31, 1.571, 24.93, 24.93
50.00, 314.56, 1.571, 24.93, 24.93
50.00, 314.81, 1.571, 24.93, 24.93
50.00, 315.06, 1.571, 24.93, 24.93
50.00, 315.31, 1.571, 24.93, 24.93
50.00, 315.56, 1.571, 24.93, 24.93
50.00, 315.81, 1.571, 24.93, 24.93
50.00, 316.06, 1.571, 24.93, 24.93
50.00, 316.30, 1.571, 24.93, 24.93
50.00, 316.55, 1.571, 24.93, 24.93
50.00, 316.80, 1.571, 24.93, 24.93
50.00, 317.05, 1.571, 24.93, 24.93
50.00, 317.30, 1.571, 24.93, 24.93
50.00, 317.55, 1.571, 24.93, 24.93
50.00, 317.80, 1.571, 24.93, 24.93
50.00, 318.05, 1.571, 24.93, 24.93
50.00, 318.30, 1.571, 24.93, 24.93
50.00, 318.55, 1.571, 24.93, 24.93
50.00, 318.80, 1.571, 24.93, 24.93
50.00, 319.05, 1.571, 24.93, 24.93
50.00, 319.30, 1.571, 24.93, 24.93
50.00, 319.55, 1.571, 24.93, 24.93
50.00, 319.79, 1.571, 24.93, 24.93
50.00, 320.04, 1.571, 24.93, 24.93
50.00, 320.29, 1.571, 24.93, 24.93
50.00, 320.54, 1.571, 24.93, 24.93
50.00, 320.79, 1.571, 24.93, 24.93
50.00, 321.04, 1.571, 24.93, 24.93
50.00, 321.29, 1.571, 24.93, 24.93
50.00, 321.54, 1.571, 24.93, 24.93
50.00, 321.79, 1.571, 24.93, 24.93
50.00, 322.04, 1.571, 24.93, 24.93
50.00, 322.29, 1.571, 24.93, 24.93
50.00, 322.54, 1.571, 24.93, 24.93
50.00, 322.79, 1.571, 24.93, 24.93
50.00, 323.04, 1.571, 24.93, 24.93
50.00, 323.28, 1.571, 24.93, 24.93
50.00, 323.53, 1.571, 24.93, 24.93
50.00, 323.78, 1.571, 24.93, 24.93
50.00, 324.03, 1.571, 24.93, 24.93
50.00, 324.28, 1.571, 24.93, 24.93
50.00, 324.53, 1.571, 24.93, 24.93
50.00, 324.78, 1.571, 24.93, 24.93
50.00, 325.03, 1.571, 24.93, 24.93
50.00, 325.28, 1.571, 24.93, 24.93
50.00, 325.53, 1.571, 24.93, 24.93
50.00, 325.78, 1.571, 24.93, 24.93
50.00, 326.03, 1.571, 24.93, 24.93
50.00, 326.28, 1.571, 24.93, 24.93
50.00, 326.52, 1.571, 24.93, 24.93
50.00, 326.77, 1.571, 24.93, 24.93
50.00, 327.02, 1.571, 24.93, 24.93
50.00, 327.27, 1.571, 24.93, 24.93
50.00, 327.52, 1.571, 24.93, 24.93
50.00, 327.77, 1.571, 24.93, 24.93
50.00, 328.02, 1.571, 24.93, 24.93
50.00, 328.27, 1.571, 24.93, 24.93
50.00, 328.52, 1.571, 24.93, 24.93
50.00, 328.77, 1.571, 24.93, 24.93
50.00, 329.02, 1.571, 24.93, 24.93
50.00, 329.27, 1.571, 24.93, 24.93
50.00, 329.52, 1.571, 24.93, 24.93
50.00, 329.77, 1.571, 24.93, 24.93
50.00, 330.01, 1.571, 24.93, 24.93
50.00, 330.26, 1.571, 24.93, 24.93
50.00, 330.51, 1.571, 24.93, 24.93
50.00, 330.76, 1.571, 24.93, 24.93
50.00, 331.01, 1.571, 24.93, 24.93
50.00, 331.26, 1.571, 24.93, 24.93
50.00, 331.51, 1.571, 24.93, 24.93
50.00, 331.76, 1.571, 24.93, 24.93
50.00, 332.01, 1.571, 24.93, 24.93
50.00, 332.26, 1.571, 24.93, 24.93
50.00, 332.51, 1.571, 24.93, 24.93
50.00, 332.76, 1.571, 24.93, 24.93
50.00, 333.01, 1.571, 24.93, 24.93
50.00, 333.26, 1.571, 24.93, 24.93
50.00, 333.50, 1.571, 24.93, 24.93
50.00, 333.75, 1.571, 24.93, 24.93
50.00, 334.00, 1.571, 24.93, 24.93
50.00, 334.25, 1.571, 24.93, 24.93
50.00, 334.50, 1.571, 24.93, 24.93
50.00, 334.75, 1.571, 24.93, 24.93
50.00, 335.00, 1.571, 24.93, 24.93
50.00, 335.25, 1.571, 24.93, 24.93
50.00, 335.50, 1.571, 24.93, 24.93
50.00, 335.75, 1.571, 24.93, 24.93
50.00, 336.00, 1.571, 24.93, 24.93
50.00, 336.25, 1.571, 24.93, 24.93
50.00, 336.50, 1.571, 24.93, 24.93
50.00, 336.74, 1.571, 24.93, 24.93
50.00, 336.99, 1.571, 24.93, 24.93
50.00, 337.24, 1.571, 24.93, 24.93
50.00, 337.49, 1.571, 24.93, 24.93
50.00, 337.74, 1.571, 24.93, 24.93
50.00, 337.99, 1.571, 24.93, 24.93
50.00, 338.24, 1.571, 24.93, 24.93
50.00, 338.49, 1.571, 24.93, 24.93
50.00, 338.74, 1.571, 24.93, 24.93
50.00, 338.99, 1.571, 24.93, 24.93
50.00, 339.24, 1.571, 24.93, 24.93
50.00, 339.49, 1.571, 24.93, 24.93
50.00, 339.74, 1.571, 24.93, 24.93
50.00, 339.99, 1.571, 24.93, 24.93
50.00, 340.23, 1.571, 24.93, 24.93
50.00, 340.48, 1.571, 24.93, 24.93
50.00, 340.73, 1.571, 24.93, 24.93
50.00, 340.98, 1.571, 24.93, 24.93
50.00, 341.23, 1.571, 24.93, 24.93
50.00, 341.48, 1.571, 24.93, 24.93
50.00, 341.73, 1.571, 24.93, 24.93
50.00, 341.98, 1.571, 24.93, 24.93
50.00, 342.23, 1.571, 24.93, 24.93
50.00, 342.48, 1.571, 24.93, 24.93
50.00, 342.73, 1.571, 24.93, 24.93
50.00, 342.98, 1.571, 24.93, 24.93
50.00, 343.23, 1.571, 24.93, 24.93
50.00, 343.48, 1.571, 24.93, 24.93
50.00, 343.72, 1.571, 24.93, 24.93
50.00, 343.97, 1.571, 24.93, 24.93
50.00, 344.22, 1.571, 24.93, 24.93
50.00, 344.47, 1.571, 24.93, 24.93
50.00, 344.72, 1.571, 24.93, 24.93
50.00, 344.97, 1.571, 24.93, 24.93
50.00, 345.22, 1.571, 24.93, 24.93
50.00, 345.47, 1.571, 24.93, 24.93
50.00, 345.72, 1.571, 24.93, 24.93
50.00, 345.97, 1.571, 24.93, 24.93
50.00, 346.22, 1.571, 24.93, 24.93
50.00, 346.47, 1.571, 24.93, 24.93
50.00, 346.72, 1.571, 24.93, 24.93
50.00, 346.96, 1.571, 24.93, 24.93
50.00, 347.21, 1.571, 24.93, 24.93
50.00, 347.46, 1.571, 24.93, 24.93
50.00, 347.71, 1.571, 24.93, 24.93
50.00, 347.96, 1.571, 24.93, 24.93
50.00, 348.21, 1.571, 24.93, 24.93
50.00, 348.46, 1.571, 24.93, 24.93
50.00, 348.71, 1.571, 24.93, 24.93
50.00, 348.96, 1.571, 24.93, 24.93
50.00, 349.21, 1.571, 24.93, 24.93
50.00, 349.46, 1.571, 24.93, 24.93
50.00, 349.71, 1.571, 24.93, 24.93
50.00, 349.96, 1.571, 24.93, 24.93
50.00, 350.21, 1.571, 24.93, 24.93
50.00, 350.45, 1.571, 24.93, 24.93
50.00, 350.70, 1.571, 24.93, 24.93
50.00, 350.95, 1.571, 24.93, 24.93
50.00, 351.20, 1.571, 24.93, 24.93
50.00, 351.45, 1.571, 24.93, 24.93
50.00, 351.70, 1.571, 24.93, 24.93
50.00, 351.95, 1.571, 24.93, 24.93
50.00, 352.20, 1.571, 24.93, 24.93
50.00, 352.45, 1.571, 24.93, 24.93
50.00, 352.70, 1.571, 24.93, 24.93
50.00, 352.95, 1.571, 24.93, 24.93
50.00, 353.20, 1.571, 24.93, 24.93
50.00, 353.45, 1.571, 24.93, 24.93
50.00, 353.70, 1.571, 24.93, 24.93
50.00, 353.94, 1.571, 24.93, 24.93
50.00, 354.19, 1.571, 24.93, 24.93
50.00, 354.44, 1.571, 24.93, 24.93
50.00, 354.69, 1.571, 24.93, 24.93
50.00, 354.94, 1.571, 24.93, 24.93
50.00, 355.19, 1.571, 24.93, 24.93
50.00, 355.44, 1.571, 24.93, 24.93
50.00, 355.69, 1.571, 24.93, 24.93
50.00, 355.94, 1.571, 24.93, 24.93
50.00, 356.19, 1.571, 24.93, 24.93
50.00, 356.44, 1.571, 24.93, 24.93
50.00, 356.69, 1.571, 24.93, 24.93
50.00, 356.94, 1.571, 24.93, 24.93
50.00, 357.18, 1.571, 24.93, 24.93
50.00, 357.43, 1.571, 24.93, 24.93
50.00, 357.68, 1.571, 24.93, 24.93
50.00, 357.93, 1.571, 24.93, 24.93
50.00, 358.18, 1.571, 24.93, 24.93
50.00, 358.43, 1.571, 24.93, 24.93
50.00, 358.68, 1.571, 24.93, 24.93
50.00, 358.93, 1.571, 24.93, 24.93
50.00, 359.18, 1.571, 24.93, 24.93
50.00, 359.43, 1.571, 24.93, 24.93
50.00, 359.68, 1.571, 24.93, 24.93
50.00, 359.93, 1.571, 24.93, 24.93
50.00, 360.18, 1.571, 24.93, 24.93
50.00, 360.43, 1.571, 24.93, 24.93
50.00, 360.67, 1.571, 24.93, 24.93
50.00, 360.92, 1.571, 24.93, 24.93
50.00, 361.17, 1.571, 24.93, 24.93
50.00, 361.42, 1.571, 24.93, 24.93
50.00, 361.67, 1.571, 24.93, 24.93
50.00, 361.92, 1.571, 24.93, 24.93
50.00, 362.17, 1.571, 24.93, 24.93
50.00, 362.42, 1.571, 24.93, 24.93
50.00, 362.67, 1.571, 24.93, 24.93
50.00, 362.92, 1.571, 24.93, 24.93
50.00, 363.17, 1.571, 24.93, 24.93
50.00, 363.42, 1.571, 24.93, 24.93
50.00, 363.67, 1.571, 24.93, 24.93
50.00, 363.91, 1.571, 24.93, 24.93
50.00, 364.16, 1.571, 24.93, 24.93
50.00, 364.41, 1.571, 24.93, 24.93
50.00, 364.66, 1.571, 24.93, 24.93
50.00, 364.91, 1.571, 24.93, 24.93
50.00, 365.16, 1.571, 24.93, 24.93
50.00, 365.41, 1.571, 24.93, 24.93
50.00, 365.66, 1.571, 24.93, 24.93
50.00, 365.91, 1.571, 24.93, 24.93
50.00, 366.16, 1.571, 24.93, 24.93
50.00, 366.41, 1.571, 24.93, 24.93
50.00, 366.66, 1.571, 24.93, 24.93
50.00, 366.91, 1.571, 24.93, 24.93
50.00, 367.16, 1.571, 24.93, 24.93
50.00, 367.40, 1.571, 24.93, 24.93
50.00, 367.65, 1.571, 24.93, 24.93
50.00, 367.90, 1.571, 24.93, 24.93
50.00, 368.15, 1.571, 24.93, 24.93
50.00, 368.40, 1.571, 24.93, 24.93
50.00, 368.65, 1.571, 24.93, 24.93
50.00, 368.90, 1.571, 24.93, 24.93
50.00, 369.15, 1.571, 24.93, 24.93
50.00, 369.40, 1.571, 24.93, 24.93
50.00, 369.65, 1.571, 24.93, 24.93
50.00, 369.90, 1.571, 24.93, 24.93
50.00, 370.15, 1.571, 24.93, 24.93
50.00, 370.40, 1.571, 24.93, 24.93
50.00, 370.65, 1.571, 24.93, 24.93
50.00, 370.89, 1.571, 24.93, 24.93
50.00, 371.14, 1.571, 24.93, 24.93
50.00, 371.39, 1.571, 24.93, 24.93
50.00, 371.64, 1.571, 24.93, 24.93
50.00, 371.89, 1.571, 24.93, 24.93
50.00, 372.14, 1.571, 24.93, 24.93
50.00, 372.39, 1.571, 24.93, 24.93
50.00, 372.64, 1.571, 24.93, 24.93
50.00, 372.89, 1.571, 24.93, 24.93
50.00, 373.14, 1.571, 24.93, 24.93
50.00, 373.39, 1.571, 24.93, 24.93
50.00, 373.64, 1.571, 24.93, 24.93
50.00, 373.89, 1.571, 24.93, 24.93
50.00, 374.13, 1.571, 24.93, 24.93
50.00, 374.38, 1.571, 24.93, 24.93
50.00, 374.63, 1.571, 24.93, 24.93
50.00, 374.88, 1.571, 24.93, 24.93
50.00, 375.13, 1.571, 24.93, 24.93
50.00, 375.38, 1.571, 24.93, 24.93
50.00, 375.63, 1.571, 24.93, 24.93
50.00, 375.88, 1.571, 24.93, 24.93
50.00, 376.13, 1.571, 24.93, 24.93
50.00, 376.38, 1.571, 24.93, 24.93
50.00, 376.63, 1.571, 24.93, 24.93
50.00, 376.88, 1.571, 24.93, 24.93
50.00, 377.13, 1.571, 24.93, 24.93
50.00, 377.38, 1.571, 24.93, 24.93
50.00, 377.62, 1.571, 24.93, 24.93
50.00, 377.87, 1.571, 24.93, 24.93
50.00, 378.12, 1.571, 24.93, 24.93
50.00, 378.37, 1.571, 24.93, 24.93
50.00, 378.62, 1.571, 24.93, 24.93
50.00, 378.87, 1.571, 24.93, 24.93
50.00, 379.12, 1.571, 24.93, 24.93
50.00, 379.37, 1.571, 24.93, 24.93
50.00, 379.62, 1.571, 24.93, 24.93
50.00, 379.87, 1.571, 24.93, 24.93
50.00, 380.12, 1.571, 24.93, 24.93
50.00, 380.37, 1.571, 24.93, 24.93
50.00, 380.62, 1.571, 24.93, 24.93
50.00, 380.87, 1.571, 24.93, 24.93
50.00, 381.11, 1.571, 24.93, 24.93
50.00, 381.36, 1.571, 24.93, 24.93
50.00, 381.61, 1.571, 24.93, 24.93
50.00, 381.86, 1.571, 24.93, 24.93
50.00, 382.11, 1.571, 24.93, 24.93
50.00, 382.36, 1.571, 24.93, 24.93
50.00, 382.61, 1.571, 24.93, 24.93
50.00, 382.86, 1.571, 24.93, 24.93
50.00, 383.11, 1.571, 24.93, 24.93
50.00, 383.36, 1.571, 24.93, 24.93
50.00, 383.61, 1.571, 24.93, 24.93
50.00, 383.86, 1.571, 24.93, 24.93
50.00, 384.11, 1.571, 24.93, 24.93
50.00, 384.35, 1.571, 24.93, 24.93
50.00, 384.60, 1.571, 24.93, 24.93
50.00, 384.85, 1.571, 24.93, 24.93
50.00, 385.10, 1.571, 24.93, 24.93
50.00, 385.35, 1.571, 24.93, 24.93
50.00, 385.60, 1.571, 24.93, 24.93
50.00, 385.85, 1.571, 24.93, 24.93
50.00, 386.10, 1.571, 24.93, 24.93
50.00, 386.35, 1.571, 24.93, 24.93
50.00, 386.60, 1.571, 24.93, 24.93
50.00, 386.85, 1.571, 24.93, 24.93
50.00, 387.10, 1.571, 24.93, 24.93
50.00, 387.35, 1.571, 24.93, 24.93
50.00, 387.60, 1.571, 24.93, 24.93
50.00, 387.84, 1.571, 24.93, 24.93
50.00, 388.09, 1.571, 24.93, 24.93
50.00, 388.34, 1.571, 24.93, 24.93
50.00, 388.59, 1.571, 24.93, 24.93
50.00, 388.84, 1.571, 24.93, 24.93
50.00, 389.09, 1.571, 24.93, 24.93
50.00, 389.34, 1.571, 24.93, 24.93
50.00, 389.59, 1.571, 24.93, 24.93
50.00, 389.84, 1.571, 24.93, 24.93
50.00, 390.09, 1.571, 24.93, 24.93
50.00, 390.34, 1.571, 24.93, 24.93
50.00, 390.59, 1.571, 24.93, 24.93
50.00, 390.84, 1.571, 24.93, 24.93
50.00, 391.09, 1.571, 24.93, 24.93
50.00, 391.33, 1.571, 24.93, 24.93
50.00, 391.58, 1.571, 24.93, 24.93
50.00, 391.83, 1.571, 24.93, 24.93
50.00, 392.08, 1.571, 24.93, 24.93
50.00, 392.33, 1.571, 24.93, 24.93
50.00, 392.58, 1.571, 24.93, 24.93
50.00, 392.83, 1.571, 24.93, 24.93
50.00, 393.08, 1.571, 24.93, 24.93
50.00, 393.33, 1.571, 24.93, 24.93
50.00, 393.58, 1.571, 24.93, 24.93
50.00, 393.83, 1.571, 24.93, 24.93
50.00, 394.08, 1.571, 24.93, 24.93
50.00, 394.33, 1.571, 24.93, 24.93
50.00, 394.57, 1.571, 24.93, 24.93
50.00, 394.82, 1.571, 24.93, 24.93
50.00, 395.07, 1.571, 24.93, 24.93
50.00, 395.32, 1.571, 24.93, 24.93
50.00, 395.57, 1.571, 24.93, 24.93
50.00, 395.82, 1.571, 24.93, 24.93
50.00, 396.07, 1.571, 24.93, 24.93
50.00, 396.32, 1.571, 24.93, 24.93
50.00, 396.57, 1.571, 24.93, 24.93
50.00, 396.82, 1.571, 24.93, 24.93
50.00, 397.07, 1.571, 24.93, 24.93
50.00, 397.32, 1.571, 24.93, 24.93
50.00, 397.57, 1.571, 24.93, 24.93
50.00, 397.82, 1.571, 24.93, 24.93
50.00, 398.06, 1.571, 24.93, 24.93
50.00, 398.31, 1.571, 24.93, 24.93
50.00, 398.56, 1.571, 24.93, 24.93
50.00, 398.81, 1.571, 24.93, 24.93
50.00, 399.06, 1.571, 24.93, 24.93
50.00, 399.31, 1.571, 24.93, 24.93
50.00, 399.56, 1.571, 24.93, 24.93
50.00, 399.81, 1.571, 24.93, 24.93
50.00, 400.06, 1.571, 24.93, 24.93
50.00, 400.31, 1.571, 24.93, 24.93
50.00, 400.56, 1.571, 24.93, 24.93
50.00, 400.81, 1.571, 24.93, 24.93
50.00, 401.06, 1.571, 24.93, 24.93
50.00, 401.30, 1.571, 24.93, 24.93
50.00, 401.55, 1.571, 24.93, 24.93
50.00, 401.80, 1.571, 24.93, 24.93
50.00, 402.05, 1.571, 24.93, 24.93
50.00, 402.30, 1.571, 24.93, 24.93
50.00, 402.55, 1.571, 24.93, 24.93
50.00, 402.80, 1.571, 24.93, 24.93
50.00, 403.05, 1.571, 24.93, 24.93
50.00, 403.30, 1.571, 24.93, 24.93
50.00, 403.55, 1.571, 24.93, 24.93
50.00, 403.80, 1.571, 24.93, 24.93
50.00, 404.05, 1.571, 24.93, 24.93
50.00, 404.30, 1.571, 24.93, 24.93
50.00, 404.55, 1.571, 24.93, 24.93
50.00, 404.79, 1.571, 24.93, 24.93
50.00, 405.04, 1.571, 24.93, 24.93
50.00, 405.29, 1.571, 24.93, 24.93
50.00, 405.54, 1.571, 24.93, 24.93
50.00, 405.79, 1.571, 24.93, 24.93
50.00, 406.04, 1.571, 24.93, 24.93
50.00, 406.29, 1.571, 24.93, 24.93
50.00, 406.54, 1.571, 24.93, 24.93
50.00, 406.79, 1.571, 24.93, 24.93
50.00, 407.04, 1.571, 24.93, 24.93
50.00, 407.29, 1.571, 24.93, 24.93
50.00, 407.54, 1.571, 24.93, 24.93
50.00, 407.79, 1.571, 24.93, 24.93
50.00, 408.04, 1.571, 24.93, 24.93
50.00, 408.28, 1.571, 24.93, 24.93
50.00, 408.53, 1.571, 24.93, 24.93
50.00, 408.78, 1.571, 24.93, 24.93
50.00, 409.03, 1.571, 24.93, 24.93
50.00, 409.28, 1.571, 24.93, 24.93
50.00, 409.53, 1.571, 24.93, 24.93
50.00, 409.78, 1.571, 24.93, 24.93
50.00, 410.03, 1.571, 24.93, 24.93
50.00, 410.28, 1.571, 24.93, 24.93
50.00, 410.53, 1.571, 24.93, 24.93
50.00, 410.78, 1.571, 24.93, 24.93
50.00, 411.03, 1.571, 24.93, 24.93
50.00, 411.28, 1.571, 24.93, 24.93
50.00, 411.52, 1.571, 24.93, 24.93
50.00, 411.77, 1.571, 24.93, 24.93
50.00, 412.02, 1.571, 24.93, 24.93
50.00, 412.27, 1.571, 24.93, 24.93
50.00, 412.52, 1.571, 24.93, 24.93
50.00, 412.77, 1.571, 24.93, 24.93
50.00, 413.02, 1.571, 24.93, 24.93
50.00, 413.27, 1.571, 24.93, 24.93
50.00, 413.52, 1.571, 24.93, 24.93
50.00, 413.77, 1.571, 24.93, 24.93
50.00, 414.02, 1.571, 24.93, 24.93
50.00, 414.27, 1.571, 24.93, 24.93
50.00, 414.52, 1.571, 24.93, 24.93
50.00, 414.77, 1.571, 24.93, 24.93
50.00, 415.01, 1.571, 24.93, 24.93
50.00, 415.26, 1.571, 24.93, 24.93
50.00, 415.51, 1.571, 24.93, 24.93
50.00, 415.76, 1.571, 24.93, 24.93
50.00, 416.01, 1.571, 24.93, 24.93
50.00, 416.26, 1.571, 24.93, 24.93
50.00, 416.51, 1.571, 24.93, 24.93
50.00, 416.76, 1.571, 24.93, 24.93
50.00, 417.01, 1.571, 24.93, 24.93
50.00, 417.26, 1.571, 24.93, 24.93
50.00, 417.51, 1.571, 24.93, 24.93
50.00, 417.76, 1.571, 24.93, 24.93
50.00, 418.01, 1.571, 24.93, 24.93
50.00, 418.26, 1.571, 24.93, 24.93
50.00, 418.50, 1.571, 24.93, 24.93
50.00, 418.75, 1.571, 24.93, 24.93
50.00, 419.00, 1.571, 24.93, 24.93
50.00, 419.25, 1.571, 24.93, 24.93
50.00, 419.50, 1.571, 24.93, 24.93
50.00, 419.75, 1.571, 24.93, 24.93
50.00, 420.00, 1.571, 24.93, 24.93
50.00, 420.25, 1.571, 24.93, 24.93
50.00, 420.50, 1.571, 24.93, 24.93
50.00, 420.75, 1.571, 24.93, 24.93
50.00, 421.00, 1.571, 24.93, 24.93
50.00, 421.25, 1.571, 24.93, 24.93
50.00, 421.50, 1.571, 24.93, 24.93
50.00, 421.74, 1.571, 24.93, 24.93
50.00, 421.99, 1.571, 24.93, 24.93
50.00, 422.24, 1.571, 24.93, 24.93
50.00, 422.49, 1.571, 24.93, 24.93
50.00, 422.74, 1.571, 24.93, 24.93
50.00, 422.99, 1.571, 24.93, 24.93
50.00, 423.24, 1.571, 24.93, 24.93
50.00, 423.49, 1.571, 24.93, 24.93
50.00, 423.74, 1.571, 24.93, 24.93
50.00, 423.99, 1.571, 24.93, 24.93
50.00, 424.24, 1.571, 24.93, 24.93
50.00, 424.49, 1.571, 24.93, 24.93
50.00, 424.74, 1.571, 24.93, 24.93
50.00, 424.99, 1.571, 24.93, 24.93
50.00, 425.23, 1.571, 24.93, 24.93
50.00, 425.48, 1.571, 24.93, 24.93
50.00, 425.73, 1.571, 24.93, 24.93
50.00, 425.98, 1.571, 24.93, 24.93
50.00, 426.23, 1.571, 24.93, 24.93
50.00, 426.48, 1.571, 24.93, 24.93
50.00, 426.73, 1.571, 24.93, 24.93
50.00, 426.98, 1.571, 24.93, 24.93
50.00, 427.23, 1.571, 24.93, 24.93
50.00, 427.48, 1.571, 24.93, 24.93
50.00, 427.73, 1.571, 24.93, 24.93
50.00, 427.98, 1.571, 24.93, 24.93
50.00, 428.23, 1.571, 24.93, 24.93
50.00, 428.48, 1.571, 24.93, 24.93
50.00, 428.72, 1.571, 24.93, 24.93
50.00, 428.97, 1.571, 24.93, 24.93
50.00, 429.22, 1.571, 24.93, 24.93
50.00, 429.47, 1.571, 24.93, 24.93
50.00, 429.72, 1.571, 24.93, 24.93
50.00, 429.97, 1.571, 24.93, 24.93
50.00, 430.22, 1.571, 24.93, 24.93
50.00, 430.47, 1.571, 24.93, 24.93
50.00, 430.72, 1.571, 24.93, 24.93
50.00, 430.97, 1.571, 24.93, 24.93
50.00, 431.22, 1.571, 24.93, 24.93
50.00, 431.47, 1.571, 24.93, 24.93
50.00, 431.72, 1.571, 24.93, 24.93
50.00, 431.96, 1.571, 24.93, 24.93
50.00, 432.21, 1.571, 24.93, 24.93
50.00, 432.46, 1.571, 24.93, 24.93
50.00, 432.71, 1.571, 24.93, 24.93
50.00, 432.96, 1.571, 24.93, 24.93
50.00, 433.21, 1.571, 24.93, 24.93
50.00, 433.46, 1.571, 24.93, 24.93
50.00, 433.71, 1.571, 24.93, 24.93
50.00, 433.96, 1.571, 24.93, 24.93
50.00, 434.21, 1.571, 24.93, 24.93
50.00, 434.46, 1.571, 24.93, 24.93
50.00, 434.71, 1.571, 24.93, 24.93
50.00, 434.96, 1.571, 24.93, 24.93
50.00, 435.21, 1.571, 24.93, 24.93
50.00, 435.45, 1.571, 24.93, 24.93
50.00, 435.70, 1.571, 24.93, 24.93
50.00, 435.95, 1.571, 24.93, 24.93
50.00, 436.20, 1.571, 24.93, 24.93
50.00, 436.45, 1.571, 24.93, 24.93
50.00, 436.70, 1.571, 24.93, 24.93
50.00, 436.95, 1.571, 24.93, 24.93
50.00, 437.20, 1.571, 24.93, 24.93
50.00, 437.45, 1.571, 24.93, 24.93
50.00, 437.70, 1.571, 24.93, 24.93
50.00, 437.95, 1.571, 24.93, 24.93
50.00, 438.20, 1.571, 24.93, 24.93
50.00, 438.45, 1.571, 24.93, 24.93
50.00, 438.70, 1.571, 24.93, 24.93
50.00, 438.94, 1.571, 24.93, 24.93
50.00, 439.19, 1.571, 24.93, 24.93
50.00, 439.44, 1.571, 24.93, 24.93
50.00, 439.69, 1.571, 24.93, 24.93
50.00, 439.94, 1.571, 24.93, 24.93
50.00, 440.19, 1.571, 24.93, 24.93
50.00, 440.44, 1.571, 24.93, 24.93
50.00, 440.69, 1.571, 24.93, 24.93
50.00, 440.94, 1.571, 24.93, 24.93
50.00, 441.19, 1.571, 24.93, 24.93
50.00, 441.44, 1.571, 24.93, 24.93
50.00, 441.69, 1.571, 24.93, 24.93
50.00, 441.94, 1.571, 24.93, 24.93
50.00, 442.18, 1.571, 24.93, 24.93
50.00, 442.43, 1.571, 24.93, 24.93
50.00, 442.68, 1.571, 24.93, 24.93
50.00, 442.93, 1.571, 24.93, 24.93
50.00, 443.18, 1.571, 24.93, 24.93
50.00, 443.43, 1.571, 24.93, 24.93
50.00, 443.68, 1.571, 24.93, 24.93
50.00, 443.93, 1.571, 24.93, 24.93
50.00, 444.18, 1.571, 24.93, 24.93
50.00, 444.43, 1.571, 24.93, 24.93
50.00, 444.68, 1.571, 24.93, 24.93
50.00, 444.93, 1.571, 24.93, 24.93
50.00, 445.18, 1.571, 24.93, 24.93
50.00, 445.43, 1.571, 24.93, 24.93
50.00, 445.67, 1.571, 24.93, 24.93
50.00, 445.92, 1.571, 24.93, 24.93
50.00, 446.17, 1.571, 24.93, 24.93
50.00, 446.42, 1.571, 24.93, 24.93
50.00, 446.67, 1.571, 24.93, 24.93
50.00, 446.92, 1.571, 24.93, 24.93
50.00, 447.17, 1.571, 24.93, 24.93
50.00, 447.42, 1.571, 24.93, 24.93
50.00, 447.67, 1.571, 24.93, 24.93
50.00, 447.92, 1.571, 24.93, 24.93
50.00, 448.17, 1.571, 24.93, 24.93
50.00, 448.42, 1.571, 24.93, 24.93
50.00, 448.67, 1.571, 24.93, 24.93
50.00, 448.91, 1.571, 24.93, 24.93
50.00, 449.16, 1.571, 24.93, 24.93
50.00, 449.41, 1.571, 24.93, 24.93
50.00, 449.66, 1.571, 24.93, 24.93
50.00, 449.91, 1.571, 24.93, 24.93
50.00, 450.16, 1.571, 24.93, 24.93
50.00, 450.41, 1.571, 24.93, 24.93
50.00, 450.66, 1.571, 24.93, 24.93
50.00, 450.91, 1.571, 24.93, 24.93
50.00, 451.16, 1.571, 24.93, 24.93
50.00, 451.41, 1.571, 24.93, 24.93
50.00, 451.66, 1.571, 24.93, 24.93
50.00, 451.91, 1.571, 24.93, 24.93
50.00, 452.16, 1.571, 24.93, 24.93
50.00, 452.40, 1.571, 24.93, 24.93
50.00, 452.65, 1.571, 24.93, 24.93
50.00, 452.90, 1.571, 24.93, 24.93
50.00, 453.15, 1.571, 24.93, 24.93
50.00, 453.40, 1.571, 24.93, 24.93
50.00, 453.65, 1.571, 24.93, 24.93
50.00, 453.90, 1.571, 24.93, 24.93
50.00, 454.15, 1.571, 24.93, 24.93
50.00, 454.40, 1.571, 24.93, 24.93
50.00, 454.65, 1.571, 24.93, 24.93
50.00, 454.90, 1.571, 24.93, 24.93
50.00, 455.15, 1.571, 24.93, 24.93
50.00, 455.40, 1.571, 24.93, 24.93
50.00, 455.65, 1.571, 24.93, 24.93
50.00, 455.89, 1.571, 24.93, 24.93
50.00, 456.14, 1.571, 24.93, 24.93
50.00, 456.39, 1.571, 24.93, 24.93
50.00, 456.64, 1.571, 24.93, 24.93
50.00, 456.89, 1.571, 24.93, 24.93
50.00, 457.14, 1.571, 24.93, 24.93
50.00, 457.39, 1.571, 24.93, 24.93
50.00, 457.64, 1.571, 24.93, 24.93
50.00, 457.89, 1.571, 24.93, 24.93
50.00, 458.14, 1.571, 24.93, 24.93
50.00, 458.39, 1.571, 24.93, 24.93
50.00, 458.64, 1.571, 24.93, 24.93
50.00, 458.89, 1.571, 24.93, 24.93
50.00, 459.13, 1.571, 24.93, 24.93
50.00, 459.38, 1.571, 24.93, 24.93
50.00, 459.63, 1.571, 24.93, 24.93
50.00, 459.88, 1.571, 24.93, 24.93
50.00, 460.13, 1.571, 24.93, 24.93
50.00, 460.38, 1.571, 24.93, 24.93
50.00, 460.63, 1.571, 24.93, 24.93
50.00, 460.88, 1.571, 24.93, 24.93
50.00, 461.13, 1.571, 24.93, 24.93
50.00, 461.38, 1.571, 24.93, 24.93
50.00, 461.63, 1.571, 24.93, 24.93
50.00, 461.88, 1.571, 24.93, 24.93
50.00, 462.13, 1.571, 24.93, 24.93
50.00, 462.38, 1.571, 24.93, 24.93
50.00, 462.62, 1.571, 24.93, 24.93
50.00, 462.87, 1.571, 24.93, 24.93
50.00, 463.12, 1.571, 24.93, 24.93
50.00, 463.37, 1.571, 24.93, 24.93
50.00, 463.62, 1.571, 24.93, 24.93
50.00, 463.87, 1.571, 24.93, 24.93
50.00, 464.12, 1.571, 24.93, 24.93
50.00, 464.37, 1.571, 24.93, 24.93
50.00, 464.62, 1.571, 24.93, 24.93
50.00, 464.87, 1.571, 24.93, 24.93
50.00, 465.12, 1.571, 24.93, 24.93
50.00, 465.37, 1.571, 24.93, 24.93
50.00, 465.62, 1.571, 24.93, 24.93
50.00, 465.87, 1.571, 24.93, 24.93
50.00, 466.11, 1.571, 24.93, 24.93
50.00, 466.36, 1.571, 24.93, 24.93
50.00, 466.61, 1.571, 24.93, 24.93
50.00, 466.86, 1.571, 24.93, 24.93
50.00, 467.11, 1.571, 24.93, 24.93
50.00, 467.36, 1.571, 24.93, 24.93
50.00, 467.61, 1.571, 24.93, 24.93
50.00, 467.86, 1.571, 24.93, 24.93
50.00, 468.11, 1.571, 24.93, 24.93
50.00, 468.36, 1.571, 24.93, 24.93
50.00, 468.61, 1.571, 24.93, 24.93
50.00, 468.86, 1.571, 24.93, 24.93
50.00, 469.11, 1.571, 24.93, 24.93
50.00, 469.35, 1.571, 24.93, 24.93
50.00, 469.60, 1.571, 24.93, 24.93
50.00, 469.85, 1.571, 24.93, 24.93
50.00, 470.10, 1.571, 24.93, 24.93
50.00, 470.35, 1.571, 24.93, 24.93
50.00, 470.60, 1.571, 24.93, 24.93
50.00, 470.85, 1.571, 24.93, 24.93
50.00, 471.10, 1.571, 24.93, 24.93
50.00, 471.35, 1.571, 24.93, 24.93
50.00, 471.60, 1.571, 24.93, 24.93
50.00, 471.85, 1.571, 24.93, 24.93
50.00, 472.10, 1.571, 24.93, 24.93
50.00, 472.35, 1.571, 24.93, 24.93
50.00, 472.60, 1.571, 24.93, 24.93
50.00, 472.84, 1.571, 24.93, 24.93
50.00, 473.09, 1.571, 24.93, 24.93
50.00, 473.34, 1.571, 24.93, 24.93
50.00, 473.59, 1.571, 24.93, 24.93
50.00, 473.84, 1.571, 24.93, 24.93
50.00, 474.09, 1.571, 24.93, 24.93
50.00, 474.34, 1.571, 24.93, 24.93
50.00, 474.59, 1.571, 24.93, 24.93
50.00, 474.84, 1.571, 24.93, 24.93
50.00, 475.09, 1.571, 24.93, 24.93
50.00, 475.34, 1.571, 24.93, 24.93
50.00, 475.59, 1.571, 24.93, 24.93
50.00, 475.84, 1.571, 24.93, 24.93
50.00, 476.09, 1.571, 24.93, 24.93
50.00, 476.33, 1.571, 24.93, 24.93
50.00, 476.58, 1.571, 24.93, 24.93
50.00, 476.83, 1.571, 24.93, 24.93
50.00, 477.08, 1.571, 24.93, 24.93
50.00, 477.33, 1.571, 24.93, 24.93
50.00, 477.58, 1.571, 24.93, 24.93
50.00, 477.83, 1.571, 24.93, 24.93
50.00, 478.08, 1.571, 24.93, 24.93
50.00, 478.33, 1.571, 24.93, 24.93
50.00, 478.58, 1.571, 24.93, 24.93
50.00, 478.83, 1.571, 24.93, 24.93
50.00, 479.08, 1.571, 24.93, 24.93
50.00, 479.33, 1.571, 24.93, 24.93
50.00, 479.57, 1.571, 24.93, 24.93
50.00, 479.82, 1.571, 24.93, 24.93
50.00, 480.07, 1.571, 24.93, 24.93
50.00, 480.32, 1.571, 24.93, 24.93
50.00, 480.57, 1.571, 24.93, 24.93
50.00, 480.82, 1.571, 24.93, 24.93
50.00, 481.07, 1.571, 24.93, 24.93
50.00, 481.32, 1.571, 24.93, 24.93
50.00, 481.57, 1.571, 24.93, 24.93
50.00, 481.82, 1.571, 24.93, 24.93
50.00, 482.07, 1.571, 24.93, 24.93
50.00, 482.32, 1.571, 24.93, 24.93
50.00, 482.57, 1.571, 24.93, 24.93
50.00, 482.82, 1.571, 24.93, 24.93
50.00, 483.06, 1.571, 24.93, 24.93
50.00, 483.31, 1.571, 24.93, 24.93
50.00, 483.56, 1.571, 24.93, 24.93
50.00, 483.81, 1.571, 24.93, 24.93
50.00, 484.06, 1.571, 24.93, 24.93
50.00, 484.31, 1.571, 24.93, 24.93
50.00, 484.56, 1.571, 24.93, 24.93
50.00, 484.81, 1.571, 24.93, 24.93
50.00, 485.06, 1.571, 24.93, 24.93
50.00, 485.31, 1.571, 24.93, 24.93
50.00, 485.56, 1.571, 24.93, 24.93
50.00, 485.81, 1.571, 24.93, 24.93
50.00, 486.06, 1.571, 24.93, 24.93
50.00, 486.30, 1.571, 24.93, 24.93
50.00, 486.55, 1.571, 24.93, 24.93
50.00, 486.80, 1.571, 24.93, 24.93
50.00, 487.05, 1.571, 24.93, 24.93
50.00, 487.30, 1.571, 24.93, 24.93
50.00, 487.55, 1.571, 24.93, 24.93
50.00, 487.80, 1.571, 24.93, 24.93
50.00, 488.05, 1.571, 24.93, 24.93
50.00, 488.30, 1.571, 24.93, 24.93
50.00, 488.55, 1.571, 24.93, 24.93
50.00, 488.80, 1.571, 24.93, 24.93
50.00, 489.05, 1.571, 24.93, 24.93
50.00, 489.30, 1.571, 24.93, 24.93
50.00, 489.55, 1.571, 24.93, 24.93
50.00, 489.79, 1.571, 24.93, 24.93
50.00, 490.04, 1.571, 24.93, 24.93
50.00, 490.29, 1.571, 24.93, 24.93
50.00, 490.54, 1.571, 24.93, 24.93
50.00, 490.79, 1.571, 24.93, 24.93
50.00, 491.04, 1.571, 24.93, 24.93
50.00, 491.29, 1.571, 24.93, 24.93
50.00, 491.54, 1.571, 24.93, 24.93
50.00, 491.79, 1.571, 24.93, 24.93
50.00, 492.04, 1.571, 24.93, 24.93
50.00, 492.29, 1.571, 24.93, 24.93
50.00, 492.54, 1.571, 24.93, 24.93
50.00, 492.79, 1.571, 24.93, 24.93
50.00, 493.04, 1.571, 24.93, 24.93
50.00, 493.28, 1.571, 24.93, 24.93
50.00, 493.53, 1.571, 24.93, 24.93
50.00, 493.78, 1.571, 24.93, 24.93
50.00, 494.03, 1.571, 24.93, 24.93
50.00, 494.28, 1.571, 24.93, 24.93
50.00, 494.53, 1.571, 24.93, 24.93
50.00, 494.78, 1.571, 24.93, 24.93
50.00, 495.03, 1.571, 24.93, 24.93
50.00, 495.28, 1.571, 24.93, 24.93
50.00, 495.53, 1.571, 24.93, 24.93
50.00, 495.78, 1.571, 24.93, 24.93
50.00, 496.03, 1.571, 24.93, 24.93
50.00, 496.28, 1.571, 24.93, 24.93
50.00, 496.52, 1.571, 24.93, 24.93
50.00, 496.77, 1.571, 24.93, 24.93
50.00, 497.02, 1.571, 24.93, 24.93
50.00, 497.27, 1.571, 24.93, 24.93
50.00, 497.52, 1.571, 24.93, 24.93
50.00, 497.77, 1.571, 24.93, 24.93
50.00, 498.02, 1.571, 24.93, 24.93
50.00, 498.27, 1.571, 24.93, 24.93
50.00, 498.52, 1.571, 24.93, 24.93
50.00, 498.77, 1.571, 24.93, 24.93
50.00, 499.02, 1.571, 24.93, 24.93
50.00, 499.27, 1.571, 24.93, 24.93
50.00, 499.52, 1.571, 24.93, 24.93
50.00, 499.77, 1.571, 24.93, 24.93
50.00, 500.01, 1.571, 24.93, 24.93
50.00, 500.26, 1.571, 24.93, 24.93
50.00, 500.51, 1.571, 24.93, 24.93
50.00, 500.76, 1.571, 24.93, 24.93
50.00, 501.01, 1.571, 24.93, 24.93
50.00, 501.26, 1.571, 24.93, 24.93
50.00, 501.51, 1.571, 24.93, 24.93
50.00, 501.76, 1.571, 24.93, 24.93
50.00, 502.01, 1.571, 24.93, 24.93
50.00, 502.26, 1.571, 24.93, 24.93
50.00, 502.51, 1.571, 24.93, 24.93
50.00, 502.76, 1.571, 24.93, 24.93
50.00, 503.01, 1.571, 24.93, 24.93
50.00, 503.26, 1.571, 24.93, 24.93
50.00, 503.50, 1.571, 24.93, 24.93
50.00, 503.75, 1.571, 24.93, 24.93
50.00, 504.00, 1.571, 24.93, 24.93
50.00, 504.25, 1.571, 24.93, 24.93
50.00, 504.50, 1.571, 24.93, 24.93
50.00, 504.75, 1.571, 24.93, 24.93
50.00, 505.00, 1.571, 24.93, 24.93
50.00, 505.25, 1.571, 24.93, 24.93
50.00, 505.50, 1.571, 24.93, 24.93
50.00, 505.75, 1.571, 24.93, 24.93
50.00, 506.00, 1.571, 24.93, 24.93
50.00, 506.25, 1.571, 24.93, 24.93
50.00, 506.50, 1.571, 24.93, 24.93
50.00, 506.74, 1.571, 24.93, 24.93
50.00, 506.99, 1.571, 24.93, 24.93
50.00, 507.24, 1.571, 24.93, 24.93
50.00, 507.49, 1.571, 24.93, 24.93
50.00, 507.74, 1.571, 24.93, 24.93
50.00, 507.99, 1.571, 24.93, 24.93
50.00, 508.24, 1.571, 24.93, 24.93
50.00, 508.49, 1.571, 24.93, 24.93
50.00, 508.74, 1.571, 24.93, 24.93
50.00, 508.99, 1.571, 24.93, 24.93
50.00, 509.24, 1.571, 24.93, 24.93
50.00, 509.49, 1.571, 24.93, 24.93
50.00, 509.74, 1.571, 24.93, 24.93
50.00, 509.99, 1.571, 24.93, 24.93
50.00, 510.23, 1.571, 24.93, 24.93
50.00, 510.48, 1.571, 24.93, 24.93
50.00, 510.73, 1.571, 24.93, 24.93
50.00, 510.98, 1.571, 24.93, 24.93
50.00, 511.23, 1.571, 24.93, 24.93
50.00, 511.48, 1.571, 24.93, 24.93
50.00, 511.73, 1.571, 24.93, 24.93
50.00, 511.98, 1.571, 24.93, 24.93
50.00, 512.23, 1.571, 24.93, 24.93
50.00, 512.48, 1.571, 24.93, 24.93
50.00, 512.73, 1.571, 24.93, 24.93
50.00, 512.98, 1.571, 24.93, 24.93
50.00, 513.23, 1.571, 24.93, 24.93
50.00, 513.48, 1.571, 24.93, 24.93
50.00, 513.72, 1.571, 24.93, 24.93
50.00, 513.97, 1.571, 24.93, 24.93
50.00, 514.22, 1.571, 24.93, 24.93
50.00, 514.47, 1.571, 24.93, 24.93
50.00, 514.72, 1.571, 24.93, 24.93
50.00, 514.97, 1.571, 24.93, 24.93
50.00, 515.22, 1.571, 24.93, 24.93
50.00, 515.47, 1.571, 24.93, 24.93
50.00, 515.72, 1.571, 24.93, 24.93
50.00, 515.97, 1.571, 24.93, 24.93
50.00, 516.22, 1.571, 24.93, 24.93
50.00, 516.47, 1.571, 24.93, 24.93
50.00, 516.72, 1.571, 24.93, 24.93
50.00, 516.96, 1.571, 24.93, 24.93
50.00, 517.21, 1.571, 24.93, 24.93
50.00, 517.46, 1.571, 24.93, 24.93
50.00, 517.71, 1.571, 24.93, 24.93
50.00, 517.96, 1.571, 24.93, 24.93
50.00, 518.21, 1.571, 24.93, 24.93
50.00, 518.46, 1.571, 24.93, 24.93
50.00, 518.71, 1.571, 24.93, 24.93
50.00, 518.96, 1.571, 24.93, 24.93
50.00, 519.21, 1.571, 24.93, 24.93
50.00, 519.46, 1.571, 24.93, 24.93
50.00, 519.71, 1.571, 24.93, 24.93
50.00, 519.96, 1.571, 24.93, 24.93
50.00, 520.21, 1.571, 24.93, 24.93
50.00, 520.45, 1.571, 24.93, 24.93
50.00, 520.70, 1.571, 24.93, 24.93
50.00, 520.95, 1.571, 24.93, 24.93
50.00, 521.20, 1.571, 24.93, 24.93
50.00, 521.45, 1.571, 24.93, 24.93
50.00, 521.70, 1.571, 24.93, 24.93
50.00, 521.95, 1.571, 24.93, 24.93
50.00, 522.20, 1.571, 24.93, 24.93
50.00, 522.45, 1.571, 24.93, 24.93
50.00, 522.70, 1.571, 24.93, 24.93
50.00, 522.95, 1.571, 24.93, 24.93
50.00, 523.20, 1.571, 24.93, 24.93
50.00, 523.45, 1.571, 24.93, 24.93
50.00, 523.70, 1.571, 24.93, 24.93
50.00, 523.94, 1.571, 24.93, 24.93
50.00, 524.19, 1.571, 24.93, 24.93
50.00, 524.44, 1.571, 24.93, 24.93
50.00, 524.69, 1.571, 24.93, 24.93
50.00, 524.94, 1.571, 24.93, 24.93
50.00, 525.19, 1.571, 24.93, 24.93
50.00, 525.44, 1.571, 24.93, 24.93
50.00, 525.69, 1.571, 24.93, 24.93
50.00, 525.94, 1.571, 24.93, 24.93
50.00, 526.19, 1.571, 24.93, 24.93
50.00, 526.44, 1.571, 24.93, 24.93
50.00, 526.69, 1.571, 24.93, 24.93
50.00, 526.94, 1.571, 24.93, 24.93
50.00, 527.18, 1.571, 24.93, 24.93
50.00, 527.43, 1.571, 24.93, 24.93
50.00, 527.68, 1.571, 24.93, 24.93
50.00, 527.93, 1.571, 24.93, 24.93
50.00, 528.18, 1.571, 24.93, 24.93
50.00, 528.43, 1.571, 24.93, 24.93
50.00, 528.68, 1.571, 24.93, 24.93
50.00, 528.93, 1.571, 24.93, 24.93
50.00, 529.18, 1.571, 24.93, 24.93
50.00, 529.43, 1.571, 24.93, 24.93
50.00, 529.68, 1.571, 24.93, 24.93
50.00, 529.93, 1.571, 24.93, 24.93
50.00, 530.18, 1.571, 24.93, 24.93
50.00, 530.43, 1.571, 24.93, 24.93
50.00, 530.67, 1.571, 24.93, 24.93
50.00, 530.92, 1.571, 24.93, 24.93
50.00, 531.17, 1.571, 24.93, 24.93
50.00, 531.42, 1.571, 24.93, 24.93
50.00, 531.67, 1.571, 24.93, 24.93
50.00, 531.92, 1.571, 24.93, 24.93
50.00, 532.17, 1.571, 24.93, 24.93
50.00, 532.42, 1.571, 24.93, 24.93
50.00, 532.67, 1.571, 24.93, 24.93
50.00, 532.92, 1.571, 24.93, 24.93
50.00, 533.17, 1.571, 24.93, 24.93
50.00, 533.42, 1.571, 24.93, 24.93
50.00, 533.67, 1.571, 24.93, 24.93
50.00, 533.91, 1.571, 24.93, 24.93
50.00, 534.16, 1.571, 24.93, 24.93
50.00, 534.41, 1.571, 24.93, 24.93
50.00, 534.66, 1.571, 24.93, 24.93
50.00, 534.91, 1.571, 24.93, 24.93
50.00, 535.16, 1.571, 24.93, 24.93
50.00, 535.41, 1.571, 24.93, 24.93
50.00, 535.66, 1.571, 24.93, 24.93
50.00, 535.91, 1.571, 24.93, 24.93
50.00, 536.16, 1.571, 24.93, 24.93
50.00, 536.41, 1.571, 24.93, 24.93
50.00, 536.66, 1.571, 24.93, 24.93
50.00, 536.91, 1.571, 24.93, 24.93
50.00, 537.16, 1.571, 24.93, 24.93
50.00, 537.40, 1.571, 24.93, 24.93
50.00, 537.65, 1.571, 24.93, 24.93
50.00, 537.90, 1.571, 24.93, 24.93
50.00, 538.15, 1.571, 24.93, 24.93
50.00, 538.40, 1.571, 24.93, 24.93
50.00, 538.65, 1.571, 24.93, 24.93
50.00, 538.90, 1.571, 24.93, 24.93
50.00, 539.15, 1.571, 24.93, 24.93
50.00, 539.40, 1.571, 24.93, 24.93
50.00, 539.65, 1.571, 24.93, 24.93
50.00, 539.90, 1.571, 24.93, 24.93
50.00, 540.15, 1.571, 24.93, 24.93
50.00, 540.40, 1.571, 24.93, 24.93
50.00, 540.65, 1.571, 24.93, 24.93
50.00, 540.89, 1.571, 24.93, 24.93
50.00, 541.14, 1.571, 24.93, 24.93
50.00, 541.39, 1.571, 24.93, 24.93
50.00, 541.64, 1.571, 24.93, 24.93
50.00, 541.89, 1.571, 24.93, 24.93
50.00, 542.14, 1.571, 24.93, 24.93
50.00, 542.39, 1.571, 24.93, 24.93
50.00, 542.64, 1.571, 24.93, 24.93
50.00, 542.89, 1.571, 24.93, 24.93
50.00, 543.14, 1.571, 24.93, 24.93
50.00, 543.39, 1.571, 24.93, 24.93
50.00, 543.64, 1.571, 24.93, 24.93
50.00, 543.89, 1.571, 24.93, 24.93
50.00, 544.13, 1.571, 24.93, 24.93
50.00, 544.38, 1.571, 24.93, 24.93
50.00, 544.63, 1.571, 24.93, 24.93
50.00, 544.88, 1.571, 24.93, 24.93
50.00, 545.13, 1.571, 24.93, 24.93
50.00, 545.38, 1.571, 24.93, 24.93
50.00, 545.63, 1.571, 24.93, 24.93
50.00, 545.88, 1.571, 24.93, 24.93
50.00, 546.13, 1.571, 24.93, 24.93
50.00, 546.38, 1.571, 24.93, 24.93
50.00, 546.63, 1.571, 24.93, 24.93
50.00, 546.88, 1.571, 24.93, 24.93
50.00, 547.13, 1.571, 24.93, 24.93
50.00, 547.38, 1.571, 24.93, 24.93
50.00, 547.62, 1.571, 24.93, 24.93
50.00, 547.87, 1.571, 24.93, 24.93
50.00, 548.12, 1.571, 24.93, 24.93
50.00, 548.37, 1.571, 24.93, 24.93
50.00, 548.62, 1.571, 24.93, 24.93
50.00, 548.87, 1.571, 24.93, 24.93
50.00, 549.12, 1.571, 24.93, 24.93
50.00, 549.37, 1.571, 24.93, 24.93
50.00, 549.62, 1.571, 24.93, 24.93
50.00, 549.87, 1.571, 24.93, 24.93
50.00, 550.12, 1.571, 24.93, 24.93
50.00, 550.37, 1.571, 24.93, 24.93
50.00, 550.62, 1.571, 24.93, 24.93
50.00, 550.87, 1.571, 24.93, 24.93
50.00, 551.11, 1.571, 24.93, 24.93
50.00, 551.36, 1.571, 24.93, 24.93
50.00, 551.61, 1.571, 24.93, 24.93
50.00, 551.86, 1.571, 24.93, 24.93
50.00, 552.11, 1.571, 24.93, 24.93
50.00, 552.36, 1.571, 24.93, 24.93
50.00, 552.61, 1.571, 24.93, 24.93
50.00, 552.86, 1.571, 24.93, 24.93
50.00, 553.11, 1.571, 24.93, 24.93
50.00, 553.36, 1.571, 24.93, 24.93
50.00, 553.61, 1.571, 24.93, 24.93
50.00, 553.86, 1.571, 24.93, 24.93
50.00, 554.11, 1.571, 24.93, 24.93
50.00, 554.35, 1.571, 24.93, 24.93
50.00, 554.60, 1.571, 24.93, 24.93
50.00, 554.85, 1.571, 24.93, 24.93
50.00, 555.10, 1.571, 24.93, 24.93
50.00, 555.35, 1.571, 24.93, 24.93
50.00, 555.60, 1.571, 24.93, 24.93
50.00, 555.85, 1.571, 24.93, 24.93
50.00, 556.10, 1.571, 24.93, 24.93
50.00, 556.35, 1.571, 24.93, 24.93
50.00, 556.60, 1.571, 24.93, 24.93
50.00, 556.85, 1.571, 24.93, 24.93
50.00, 557.10, 1.571, 24.93, 24.93
50.00, 557.35, 1.571, 24.93, 24.93
50.00, 557.60, 1.571, 24.93, 24.93
50.00, 557.84, 1.571, 24.93, 24.93
50.00, 558.09, 1.571, 24.93, 24.93
50.00, 558.34, 1.571, 24.93, 24.93
50.00, 558.59, 1.571, 24.93, 24.93
50.00, 558.84, 1.571, 24.93, 24.93
50.00, 559.09, 1.571, 24.93, 24.93
50.00, 559.34, 1.571, 24.93, 24.93
50.00, 559.59, 1.571, 24.93, 24.93
50.00, 559.84, 1.571, 24.93, 24.93
50.00, 560.09, 1.571, 24.93, 24.93
50.00, 560.34, 1.571, 24.93, 24.93
50.00, 560.59, 1.571, 24.93, 24.93
50.00, 560.84, 1.571, 24.93, 24.93
50.00, 561.09, 1.571, 24.93, 24.93
50.00, 561.33, 1.571, 24.93, 24.93
50.00, 561.58, 1.571, 24.93, 24.93
50.00, 561.83, 1.571, 24.93, 24.93
50.00, 562.08, 1.571, 24.93, 24.93
50.00, 562.33, 1.571, 24.93, 24.93
50.00, 562.58, 1.571, 24.93, 24.93
50.00, 562.83, 1.571, 24.93, 24.93
50.00, 563.08, 1.571, 24.93, 24.93
50.00, 563.33, 1.571, 24.93, 24.93
50.00, 563.58, 1.571, 24.93, 24.93
50.00, 563.83, 1.571, 24.93, 24.93
50.00, 564.08, 1.571, 24.93, 24.93
50.00, 564.33, 1.571, 24.93, 24.93
50.00, 564.57, 1.571, 24.93, 24.93
50.00, 564.82, 1.571, 24.93, 24.93
50.00, 565.07, 1.571, 24.93, 24.93
50.00, 565.32, 1.571, 24.93, 24.93
50.00, 565.57, 1.571, 24.93, 24.93
50.00, 565.82, 1.571, 24.93, 24.93
50.00, 566.07, 1.571, 24.93, 24.93
50.00, 566.32, 1.571, 24.93, 24.93
50.00, 566.57, 1.571, 24.93, 24.93
50.00, 566.82, 1.571, 24.93, 24.93
50.00, 567.07, 1.571, 24.93, 24.93
50.00, 567.32, 1.571, 24.93, 24.93
50.00, 567.57, 1.571, 24.93, 24.93
50.00, 567.82, 1.571, 24.93, 24.93
50.00, 568.06, 1.571, 24.93, 24.93
50.00, 568.31, 1.571, 24.93, 24.93
50.00, 568.56, 1.571, 24.93, 24.93
50.00, 568.81, 1.571, 24.93, 24.93
50.00, 569.06, 1.571, 24.93, 24.93
50.00, 569.31, 1.571, 24.93, 24.93
50.00, 569.56, 1.571, 24.93, 24.93
50.00, 569.81, 1.571, 24.93, 24.93
50.00, 570.06, 1.571, 24.93, 24.93
50.00, 570.31, 1.571, 24.93, 24.93
50.00, 570.56, 1.571, 24.93, 24.93
50.00, 570.81, 1.571, 24.93, 24.93
50.00, 571.06, 1.571, 24.93, 24.93
50.00, 571.30, 1.571, 24.93, 24.93
50.00, 571.55, 1.571, 24.93, 24.93
50.00, 571.80, 1.571, 24.93, 24.93
50.00, 572.05, 1.571, 24.93, 24.93
50.00, 572.30, 1.571, 24.93, 24.93
50.00, 572.55, 1.571, 24.93, 24.93
50.00, 572.80, 1.571, 24.93, 24.93
50.00, 573.05, 1.571, 24.93, 24.93
50.00, 573.30, 1.571, 24.93, 24.93
50.00, 573.55, 1.571, 24.93, 24.93
50.00, 573.80, 1.571, 24.93, 24.93
50.00, 574.05, 1.571, 24.93, 24.93
50.00, 574.30, 1.571, 24.93, 24.93
50.00, 574.55, 1.571, 24.93, 24.93
50.00, 574.79, 1.571, 24.93, 24.93
50.00, 575.04, 1.571, 24.93, 24.93
50.00, 575.29, 1.571, 24.93, 24.93
50.00, 575.54, 1.571, 24.93, 24.93
50.00, 575.79, 1.571, 24.93, 24.93
50.00, 576.04, 1.571, 24.93, 24.93
50.00, 576.29, 1.571, 24.93, 24.93
50.00, 576.54, 1.571, 24.93, 24.93
50.00, 576.79, 1.571, 24.93, 24.93
50.00, 577.04, 1.571, 24.93, 24.93
50.00, 577.29, 1.571, 24.93, 24.93
50.00, 577.54, 1.571, 24.93, 24.93
50.00, 577.79, 1.571, 24.93, 24.93
50.00, 578.04, 1.571, 24.93, 24.93
50.00, 578.28, 1.571, 24.93, 24.93
50.00, 578.53, 1.571, 24.93, 24.93
50.00, 578.78, 1.571, 24.93, 24.93
50.00, 579.03, 1.571, 24.93, 24.93
50.00, 579.28, 1.571, 24.93, 24.93
50.00, 579.53, 1.571, 24.93, 24.93
50.00, 579.78, 1.571, 24.93, 24.93
50.00, 580.03, 1.571, 24.93, 24.93
50.00, 580.28, 1.571, 24.93, 24.93
50.00, 580.53, 1.571, 24.93, 24.93
50.00, 580.78, 1.571, 24.93, 24.93
50.00, 581.03, 1.571, 24.93, 24.93
50.00, 581.28, 1.571, 24.93, 24.93
50.00, 581.52, 1.571, 24.93, 24.93
50.00, 581.77, 1.571, 24.93, 24.93
50.00, 582.02, 1.571, 24.93, 24.93
50.00, 582.27, 1.571, 24.93, 24.93
50.00, 582.52, 1.571, 24.93, 24.93
50.00, 582.77, 1.571, 24.93, 24.93
50.00, 583.02, 1.571, 24.93, 24.93
50.00, 583.27, 1.571, 24.93, 24.93
50.00, 583.52, 1.571, 24.93, 24.93
50.00, 583.77, 1.571, 24.93, 24.93
50.00, 584.02, 1.571, 24.93, 24.93
50.00, 584.27, 1.571, 24.93, 24.93
50.00, 584.52, 1.571, 24.93, 24.93
50.00, 584.77, 1.571, 24.93, 24.93
50.00, 585.01, 1.571, 24.93, 24.93
50.00, 585.26, 1.571, 24.93, 24.93
50.00, 585.51, 1.571, 24.93, 24.93
50.00, 585.76, 1.571, 24.93, 24.93
50.00, 586.01, 1.571, 24.93, 24.93
50.00, 586.26, 1.571, 24.93, 24.93
50.00, 586.51, 1.571, 24.93, 24.93
50.00, 586.76, 1.571, 24.93, 24.93
50.00, 587.01, 1.571, 24.93, 24.93
50.00, 587.26, 1.571, 24.93, 24.93
50.00, 587.51, 1.571, 24.93, 24.93
50.00, 587.76, 1.571, 24.93, 24.93
50.00, 588.01, 1.571, 24.93, 24.93
50.00, 588.26, 1.571, 24.93, 24.93
50.00, 588.50, 1.571, 24.93, 24.93
50.00, 588.75, 1.571, 24.93, 24.93
50.00, 589.00, 1.571, 24.93, 24.93
50.00, 589.25, 1.571, 24.93, 24.93
50.00, 589.50, 1.571, 24.93, 24.93
50.00, 589.75, 1.571, 24.93, 24.93
50.00, 590.00, 1.571, 24.93, 24.93
50.00, 590.25, 1.571, 24.93, 24.93
50.00, 590.50, 1.571, 24.93, 24.93
50.00, 590.75, 1.571, 24.93, 24.93
50.00, 591.00, 1.571, 24.93, 24.93
50.00, 591.25, 1.571, 24.93, 24.93
50.00, 591.50, 1.571, 24.93, 24.93
50.00, 591.74, 1.571, 24.93, 24.93
50.00, 591.99, 1.571, 24.93, 24.93
50.00, 592.24, 1.571, 24.93, 24.93
50.00, 592.49, 1.571, 24.93, 24.93
50.00, 592.74, 1.571, 24.93, 24.93
50.00, 592.99, 1.571, 24.93, 24.93
50.00, 593.24, 1.571, 24.93, 24.93
50.00, 593.49, 1.571, 24.93, 24.93
50.00, 593.74, 1.571, 24.93, 24.93
50.00, 593.99, 1.571, 24.93, 24.93
50.00, 594.24, 1.571, 24.93, 24.93
50.00, 594.49, 1.571, 24.93, 24.93
50.00, 594.74, 1.571, 24.93, 24.93
50.00, 594.99, 1.571, 24.93, 24.93
50.00, 595.23, 1.571, 24.93, 24.93
50.00, 595.48, 1.571, 24.93, 24.93
50.00, 595.73, 1.571, 24.93, 24.93
50.00, 595.98, 1.571, 24.93, 24.93
50.00, 596.23, 1.571, 24.93, 24.93
50.00, 596.48, 1.571, 24.93, 24.93
50.00, 596.73, 1.571, 24.93, 24.93
50.00, 596.98, 1.571, 24.93, 24.93
50.00, 597.23, 1.571, 24.93, 24.93
50.00, 597.48, 1.571, 24.93, 24.93
50.00, 597.73, 1.571, 24.93, 24.93
50.00, 597.98, 1.571, 24.93, 24.93
50.00, 598.23, 1.571, 24.93, 24.93
50.00, 598.48, 1.571, 24.93, 24.93
50.00, 598.72, 1.571, 24.93, 24.93
50.00, 598.97, 1.571, 24.93, 24.93
50.00, 599.22, 1.571, 24.93, 24.93
50.00, 599.47, 1.571, 24.93, 24.93
50.00, 599.72, 1.571, 24.93, 24.93
50.00, 599.97, 1.571, 24.93, 24.93
50.00, 600.22, 1.571, 24.93, 24.93
50.00, 600.47, 1.571, 24.93, 24.93
50.00, 600.72, 1.571, 24.93, 24.93
50.00, 600.97, 1.571, 24.93, 24.93
50.00, 601.22, 1.571, 24.93, 24.93
50.00, 601.47, 1.571, 24.93, 24.93
50.00, 601.72, 1.571, 24.93, 24.93
50.00, 601.96, 1.571, 24.93, 24.93
50.00, 602.21, 1.571, 24.93, 24.93
50.00, 602.46, 1.571, 24.93, 24.93
50.00, 602.71, 1.571, 24.93, 24.93
50.00, 602.96, 1.571, 24.93, 24.93
50.00, 603.21, 1.571, 24.93, 24.93
50.00, 603.46, 1.571, 24.93, 24.93
50.00, 603.71, 1.571, 24.93, 24.93
50.00, 603.96, 1.571, 24.93, 24.93
50.00, 604.21, 1.571, 24.93, 24.93
50.00, 604.46, 1.571, 24.93, 24.93
50.00, 604.71, 1.571, 24.93, 24.93
50.00, 604.96, 1.571, 24.93, 24.93
50.00, 605.21, 1.571, 24.93, 24.93
50.00, 605.45, 1.571, 24.93, 24.93
50.00, 605.70, 1.571, 24.93, 24.93
50.00, 605.95, 1.571, 24.93, 24.93
50.00, 606.20, 1.571, 24.93, 24.93
50.00, 606.45, 1.571, 24.93, 24.93
50.00, 606.70, 1.571, 24.93, 24.93
50.00, 606.95, 1.571, 24.93, 24.93
50.00, 607.20, 1.571, 24.93, 24.93
50.00, 607.45, 1.571, 24.93, 24.93
50.00, 607.70, 1.571, 24.93, 24.93
50.00, 607.95, 1.571, 24.93, 24.93
50.00, 608.20, 1.571, 24.93, 24.93
50.00, 608.45, 1.571, 24.93, 24.93
50.00, 608.70, 1.571, 24.93, 24.93
50.00, 608.94, 1.571, 24.93, 24.93
50.00, 609.19, 1.571, 24.93, 24.93
50.00, 609.44, 1.571, 24.93, 24.93
50.00, 609.69, 1.571, 24.93, 24.93
50.00, 609.94, 1.571, 24.93, 24.93
50.00, 610.19, 1.571, 24.93, 24.93
50.00, 610.44, 1.571, 24.93, 24.93
50.00, 610.69, 1.571, 24.93, 24.93
50.00, 610.94, 1.571, 24.93, 24.93
50.00, 611.19, 1.571, 24.93, 24.93
50.00, 611.44, 1.571, 24.93, 24.93
50.00, 611.69, 1.571, 24.93, 24.93
50.00, 611.94, 1.571, 24.93, 24.93
50.00, 612.18, 1.571, 24.93, 24.93
50.00, 612.43, 1.571, 24.93, 24.93
50.00, 612.68, 1.571, 24.93, 24.93
50.00, 612.93, 1.571, 24.93, 24.93
50.00, 613.18, 1.571, 24.93, 24.93
50.00, 613.43, 1.571, 24.93, 24.93
50.00, 613.68, 1.571, 24.93, 24.93
50.00, 613.93, 1.571, 24.93, 24.93
50.00, 614.18, 1.571, 24.93, 24.93
50.00, 614.43, 1.571, 24.93, 24.93
50.00, 614.68, 1.571, 24.93, 24.93
50.00, 614.93, 1.571, 24.93, 24.93
50.00, 615.18, 1.571, 24.93, 24.93
50.00, 615.43, 1.571, 24.93, 24.93
50.00, 615.67, 1.571, 24.93, 24.93
50.00, 615.92, 1.571, 24.93, 24.93
50.00, 616.17, 1.571, 24.93, 24.93
50.00, 616.42, 1.571, 24.93, 24.93
50.00, 616.67, 1.571, 24.93, 24.93
50.00, 616.92, 1.571, 24.93, 24.93
50.00, 617.17, 1.571, 24.93, 24.93
50.00, 617.42, 1.571, 24.93, 24.93
50.00, 617.67, 1.571, 24.93, 24.93
50.00, 617.92, 1.571, 24.93, 24.93
50.00, 618.17, 1.571, 24.93, 24.93
50.00, 618.42, 1.571, 24.93, 24.93
50.00, 618.67, 1.571, 24.93, 24.93
50.00, 618.91, 1.571, 24.93, 24.93
50.00, 619.16, 1.571, 24.93, 24.93
50.00, 619.41, 1.571, 24.93, 24.93
50.00, 619.66, 1.571, 24.93, 24.93
50.00, 619.91, 1.571, 24.93, 24.93
50.00, 620.16, 1.571, 24.93, 24.93
50.00, 620.41, 1.571, 24.93, 24.93
50.00, 620.66, 1.571, 24.93, 24.93
50.00, 620.91, 1.571, 24.93, 24.93
50.00, 621.16, 1.571, 24.93, 24.93
50.00, 621.41, 1.571, 24.93, 24.93
50.00, 621.66, 1.571, 24.93, 24.93
50.00, 621.91, 1.571, 24.93, 24.93
50.00, 622.16, 1.571, 24.93, 24.93
50.00, 622.40, 1.571, 24.93, 24.93
50.00, 622.65, 1.571, 24.93, 24.93
50.00, 622.90, 1.571, 24.93, 24.93
50.00, 623.15, 1.571, 24.93, 24.93
50.00, 623.40, 1.571, 24.93, 24.93
50.00, 623.65, 1.571, 24.93, 24.93
50.00, 623.90, 1.571, 24.93, 24.93
50.00, 624.15, 1.571, 24.93, 24.93
50.00, 624.40, 1.571, 24.93, 24.93
50.00, 624.65, 1.571, 24.93, 24.93
50.00, 624.90, 1.571, 24.93, 24.93
50.00, 625.15, 1.571, 24.93, 24.93
50.00, 625.40, 1.571, 24.93, 24.93
50.00, 625.65, 1.571, 24.93, 24.93
50.00, 625.89, 1.571, 24.93, 24.93
50.00, 626.14, 1.571, 24.93, 24.93
50.00, 626.39, 1.571, 24.93, 24.93
50.00, 626.64, 1.571, 24.93, 24.93
50.00, 626.89, 1.571, 24.93, 24.93
50.00, 627.14, 1.571, 24.93, 24.93
50.00, 627.39, 1.571, 24.93, 24.93
50.00, 627.64, 1.571, 24.93, 24.93
50.00, 627.89, 1.571, 24.93, 24.93
50.00, 628.14, 1.571, 24.93, 24.93
50.00, 628.39, 1.571, 24.93, 24.93
50.00, 628.64, 1.571, 24.93, 24.93
50.00, 628.89, 1.571, 24.93, 24.93
50.00, 629.13, 1.571, 24.93, 24.93
50.00, 629.38, 1.571, 24.93, 24.93
50.00, 629.63, 1.571, 24.93, 24.93
50.00, 629.88, 1.571, 24.93, 24.93
50.00, 630.13, 1.571, 24.93, 24.93
50.00, 630.38, 1.571, 24.93, 24.93
50.00, 630.63, 1.571, 24.93, 24.93
50.00, 630.88, 1.571, 24.93, 24.93
50.00, 631.13, 1.571, 24.93, 24.93
50.00, 631.38, 1.571, 24.93, 24.93
50.00, 631.63, 1.571, 24.93, 24.93
50.00, 631.88, 1.571, 24.93, 24.93
50.00, 632.13, 1.571, 24.93, 24.93
50.00, 632.38, 1.571, 24.93, 24.93
50.00, 632.62, 1.571, 24.93, 24.93
50.00, 632.87, 1.571, 24.93, 24.93
50.00, 633.12, 1.571, 24.93, 24.93
50.00, 633.37, 1.571, 24.93, 24.93
50.00, 633.62, 1.571, 24.93, 24.93
50.00, 633.87, 1.571, 24.93, 24.93
50.00, 634.12, 1.571, 24.93, 24.93
50.00, 634.37, 1.571, 24.93, 24.93
50.00, 634.62, 1.571, 24.93, 24.93
50.00, 634.87, 1.571, 24.93, 24.93
50.00, 635.12, 1.571, 24.93, 24.93
50.00, 635.37, 1.571, 24.93, 24.93
50.00, 635.62, 1.571, 24.93, 24.93
50.00, 635.87, 1.571, 24.93, 24.93
50.00, 636.11, 1.571, 24.93, 24.93
50.00, 636.36, 1.571, 24.93, 24.93
50.00, 636.61, 1.571, 24.93, 24.93
50.00, 636.86, 1.571, 24.93, 24.93
50.00, 637.11, 1.571, 24.93, 24.93
50.00, 637.36, 1.571, 24.93, 24.93
50.00, 637.61, 1.571, 24.93, 24.93
50.00, 637.86, 1.571, 24.93, 24.93
50.00, 638.11, 1.571, 24.93, 24.93
50.00, 638.36, 1.571, 24.93, 24.93
50.00, 638.61, 1.571, 24.93, 24.93
50.00, 638.86, 1.571, 24.93, 24.93
50.00, 639.11, 1.571, 24.93, 24.93
50.00, 639.35, 1.571, 24.93, 24.93
50.00, 639.60, 1.571, 24.93, 24.93
50.00, 639.85, 1.571, 24.93, 24.93
50.00, 640.10, 1.571, 24.93, 24.93
50.00, 640.35, 1.571, 24.93, 24.93
50.00, 640.60, 1.571, 24.93, 24.93
50.00, 640.85, 1.571, 24.93, 24.93
50.00, 641.10, 1.571, 24.93, 24.93
50.00, 641.35, 1.571, 24.93, 24.93
50.00, 641.60, 1.571, 24.93, 24.93
50.00, 641.85, 1.571, 24.93, 24.93
50.00, 642.10, 1.571, 24.93, 24.93
50.00, 642.35, 1.571, 24.93, 24.93
50.00, 642.60, 1.571, 24.93, 24.93
50.00, 642.84, 1.571, 24.93, 24.93
50.00, 643.09, 1.571, 24.93, 24.93
50.00, 643.34, 1.571, 24.93, 24.93
50.00, 643.59, 1.571, 24.93, 24.93
50.00, 643.84, 1.571, 24.93, 24.93
50.00, 644.09, 1.571, 24.93, 24.93
50.00, 644.34, 1.571, 24.93, 24.93
50.00, 644.59, 1.571, 24.93, 24.93
50.00, 644.84, 1.571, 24.93, 24.93
50.00, 645.09, 1.571, 24.93, 24.93
50.00, 645.34, 1.571, 24.93, 24.93
50.00, 645.59, 1.571, 24.93, 24.93
50.00, 645.84, 1.571, 24.93, 24.93
50.00, 646.09, 1.571, 24.93, 24.93
50.00, 646.33, 1.571, 24.93, 24.93
50.00, 646.58, 1.571, 24.93, 24.93
50.00, 646.83, 1.571, 24.93, 24.93
50.00, 647.08, 1.571, 24.93, 24.93
50.00, 647.33, 1.571, 24.93, 24.93
50.00, 647.58, 1.571, 24.93, 24.93
50.00, 647.83, 1.571, 24.93, 24.93
50.00, 648.08, 1.571, 24.93, 24.93
50.00, 648.33, 1.571, 24.93, 24.93
50.00, 648.58, 1.571, 24.93, 24.93
50.00, 648.83, 1.571, 24.93, 24.93
50.00, 649.08, 1.571, 24.93, 24.93
50.00, 649.33, 1.571, 24.93, 24.93
50.00, 649.57, 1.571, 24.93, 24.93
50.00, 649.82, 1.571, 24.93, 24.93
50.00, 650.07, 1.571, 24.93, 24.93
50.00, 650.32, 1.571, 24.93, 24.93
50.00, 650.57, 1.571, 24.93, 24.93
50.00, 650.82, 1.571, 24.93, 24.93
50.00, 651.07, 1.571, 24.93, 24.93
50.00, 651.32, 1.571, 24.93, 24.93
50.00, 651.57, 1.571, 24.93, 24.93
50.00, 651.82, 1.571, 24.93, 24.93
50.00, 652.07, 1.571, 24.93, 24.93
50.00, 652.32, 1.571, 24.93, 24.93
50.00, 652.57, 1.571, 24.93, 24.93
50.00, 652.82, 1.571, 24.93, 24.93
50.00, 653.06, 1.571, 24.93, 24.93
50.00, 653.31, 1.571, 24.93, 24.93
50.00, 653.56, 1.571, 24.93, 24.93
50.00, 653.81, 1.571, 24.93, 24.93
50.00, 654.06, 1.571, 24.93, 24.93
50.00, 654.31, 1.571, 24.93, 24.93
50.00, 654.56, 1.571, 24.93, 24.93
50.00, 654.81, 1.571, 24.93, 24.93
50.00, 655.06, 1.571, 24.93, 24.93
50.00, 655.31, 1.571, 24.93, 24.93
50.00, 655.56, 1.571, 24.93, 24.93
50.00, 655.81, 1.571, 24.93, 24.93
50.00, 656.06, 1.571, 24.93, 24.93
50.00, 656.30, 1.571, 24.93, 24.93
50.00, 656.55, 1.571, 24.93, 24.93
50.00, 656.80, 1.571, 24.93, 24.93
50.00, 657.05, 1.571, 24.93, 24.93
50.00, 657.30, 1.571, 24.93, 24.93
50.00, 657.55, 1.571, 24.93, 24.93
50.00, 657.80, 1.571, 24.93, 24.93
50.00, 658.05, 1.571, 24.93, 24.93
50.00, 658.30, 1.571, 24.93, 24.93
50.00, 658.55, 1.571, 24.93, 24.93
50.00, 658.80, 1.571, 24.93, 24.93
50.00, 659.05, 1.571, 24.93, 24.93
50.00, 659.30, 1.571, 24.93, 24.93
50.00, 659.55, 1.571, 24.93, 24.93
50.00, 659.79, 1.571, 24.93, 24.93
50.00, 660.04, 1.571, 24.93, 24.93
50.00, 660.29, 1.571, 24.93, 24.93
50.00, 660.54, 1.571, 24.93, 24.93
50.00, 660.79, 1.571, 24.93, 24.93
50.00, 661.04, 1.571, 24.93, 24.93
50.00, 661.29, 1.571, 24.93, 24.93
50.00, 661.54, 1.571, 24.93, 24.93
50.00, 661.79, 1.571, 24.93, 24.93
50.00, 662.04, 1.571, 24.93, 24.93
50.00, 662.29, 1.571, 24.93, 24.93
50.00, 662.54, 1.571, 24.93, 24.93
50.00, 662.79, 1.571, 24.93, 24.93
50.00, 663.04, 1.571, 24.93, 24.93
50.00, 663.28, 1.571, 24.93, 24.93
50.00, 663.53, 1.571, 24.93, 24.93
50.00, 663.78, 1.571, 24.93, 24.93
50.00, 664.03, 1.571, 24.93, 24.93
50.00, 664.28, 1.571, 24.93, 24.93
50.00, 664.53, 1.571, 24.93, 24.93
50.00, 664.78, 1.571, 24.93, 24.93
50.00, 665.03, 1.571, 24.93, 24.93
50.00, 665.28, 1.571, 24.93, 24.93
50.00, 665.53, 1.571, 24.93, 24.93
50.00, 665.78, 1.571, 24.93, 24.93
50.00, 666.03, 1.571, 24.93, 24.93
50.00, 666.28, 1.571, 24.93, 24.93
50.00, 666.52, 1.571, 24.93, 24.93
50.00, 666.77, 1.571, 24.93, 24.93
50.00, 667.02, 1.571, 24.93, 24.93
50.00, 667.27, 1.571, 24.93, 24.93
50.00, 667.52, 1.571, 24.93, 24.93
50.00, 667.77, 1.571, 24.93, 24.93
50.00, 668.02, 1.571, 24.93, 24.93
50.00, 668.27, 1.571, 24.93, 24.93
50.00, 668.52, 1.571, 24.93, 24.93
50.00, 668.77, 1.571, 24.93, 24.93
50.00, 669.02, 1.571, 24.93, 24.93
50.00, 669.27, 1.571, 24.93, 24.93
50.00, 669.52, 1.571, 24.93, 24.93
50.00, 669.77, 1.571, 24.93, 24.93
50.00, 670.01, 1.571, 24.93, 24.93
50.00, 670.26, 1.571, 24.93, 24.93
50.00, 670.51, 1.571, 24.93, 24.93
50.00, 670.76, 1.571, 24.93, 24.93
50.00, 671.01, 1.571, 24.93, 24.93
50.00, 671.26, 1.571, 24.93, 24.93
50.00, 671.51, 1.571, 24.93, 24.93
50.00, 671.76, 1.571, 24.93, 24.93
50.00, 672.01, 1.571, 24.93, 24.93
50.00, 672.26, 1.571, 24.93, 24.93
50.00, 672.51, 1.571, 24.93, 24.93
50.00, 672.76, 1.571, 24.93, 24.93
50.00, 673.01, 1.571, 24.93, 24.93
50.00, 673.26, 1.571, 24.93, 24.93
50.00, 673.50, 1.571, 24.93, 24.93
50.00, 673.75, 1.571, 24.93, 24.93
50.00, 674.00, 1.571, 24.93, 24.93
50.00, 674.25, 1.571, 24.93, 24.93
50.00, 674.50, 1.571, 24.93, 24.93
50.00, 674.75, 1.571, 24.93, 24.93
50.00, 675.00, 1.571, 24.93, 24.93
50.00, 675.25, 1.571, 24.93, 24.93
50.00, 675.50, 1.571, 24.93, 24.93
50.00, 675.75, 1.571, 24.93, 24.93
50.00, 676.00, 1.571, 24.93, 24.93
50.00, 676.25, 1.571, 24.93, 24.93
50.00, 676.50, 1.571, 24.93, 24.93
50.00, 676.74, 1.571, 24.93, 24.93
50.00, 676.99, 1.571, 24.93, 24.93
50.00, 677.24, 1.571, 24.93, 24.93
50.00, 677.49, 1.571, 24.93, 24.93
50.00, 677.74, 1.571, 24.93, 24.93
50.00, 677.99, 1.571, 24.93, 24.93
50.00, 678.24, 1.571, 24.93, 24.93
50.00, 678.49, 1.571, 24.93, 24.93
50.00, 678.74, 1.571, 24.93, 24.93
50.00, 678.99, 1.571, 24.93, 24.93
50.00, 679.24, 1.571, 24.93, 24.93
50.00, 679.49, 1.571, 24.93, 24.93
50.00, 679.74, 1.571, 24.93, 24.93
50.00, 679.99, 1.571, 24.93, 24.93
50.00, 680.23, 1.571, 24.93, 24.93
50.00, 680.48, 1.571, 24.93, 24.93
50.00, 680.73, 1.571, 24.93, 24.93
50.00, 680.98, 1.571, 24.93, 24.93
50.00, 681.23, 1.571, 24.93, 24.93
50.00, 681.48, 1.571, 24.93, 24.93
50.00, 681.73, 1.571, 24.93, 24.93
50.00, 681.98, 1.571, 24.93, 24.93
50.00, 682.23, 1.571, 24.93, 24.93
50.00, 682.48, 1.571, 24.93, 24.93
50.00, 682.73, 1.571, 24.93, 24.93
50.00, 682.98, 1.571, 24.93, 24.93
50.00, 683.23, 1.571, 24.93, 24.93
50.00, 683.48, 1.571, 24.93, 24.93
50.00, 683.72, 1.571, 24.93, 24.93
50.00, 683.97, 1.571, 24.93, 24.93
50.00, 684.22, 1.571, 24.93, 24.93
50.00, 684.47, 1.571, 24.93, 24.93
50.00, 684.72, 1.571, 24.93, 24.93
50.00, 684.97, 1.571, 24.93, 24.93
50.00, 685.22, 1.571, 24.93, 24.93
50.00, 685.47, 1.571, 24.93, 24.93
50.00, 685.72, 1.571, 24.93, 24.93
50.00, 685.97, 1.571, 24.93, 24.93
50.00, 686.22, 1.571, 24.93, 24.93
50.00, 686.47, 1.571, 24.93, 24.93
50.00, 686.72, 1.571, 24.93, 24.93
50.00, 686.96, 1.571, 24.93, 24.93
50.00, 687.21, 1.571, 24.93, 24.93
50.00, 687.46, 1.571, 24.93, 24.93
50.00, 687.71, 1.571, 24.93, 24.93
50.00, 687.96, 1.571, 24.93, 24.93
50.00, 688.21, 1.571, 24.93, 24.93
50.00, 688.46, 1.571, 24.93, 24.93
50.00, 688.71, 1.571, 24.93, 24.93
50.00, 688.96, 1.571, 24.93, 24.93
50.00, 689.21, 1.571, 24.93, 24.93
50.00, 689.46, 1.571, 24.93, 24.93
50.00, 689.71, 1.571, 24.93, 24.93
50.00, 689.96, 1.571, 24.93, 24.93
50.00, 690.21, 1.571, 24.93, 24.93
50.00, 690.45, 1.571, 24.93, 24.93
50.00, 690.70, 1.571, 24.93, 24.93
50.00, 690.95, 1.571, 24.93, 24.93
50.00, 691.20, 1.571, 24.93, 24.93
50.00, 691.45, 1.571, 24.93, 24.93
50.00, 691.70, 1.571, 24.93, 24.93
50.00, 691.95, 1.571, 24.93, 24.93
50.00, 692.20, 1.571, 24.93, 24.93
50.00, 692.45, 1.571, 24.93, 24.93
50.00, 692.70, 1.571, 24.93, 24.93
50.00, 692.95, 1.571, 24.93, 24.93
50.00, 693.20, 1.571, 24.93, 24.93
50.00, 693.45, 1.571, 24.93, 24.93
50.00, 693.70, 1.571, 24.93, 24.93
50.00, 693.94, 1.571, 24.93, 24.93
50.00, 694.19, 1.571, 24.93, 24.93
50.00, 694.44, 1.571, 24.93, 24.93
50.00, 694.69, 1.571, 24.93, 24.93
50.00, 694.94, 1.571, 24.93, 24.93
50.00, 695.19, 1.571, 24.93, 24.93
50.00, 695.44, 1.571, 24.93, 24.93
50.00, 695.69, 1.571, 24.93, 24.93
50.00, 695.94, 1.571, 24.93, 24.93
50.00, 696.19, 1.571, 24.93, 24.93
50.00, 696.44, 1.571, 24.93, 24.93
50.00, 696.69, 1.571, 24.93, 24.93
50.00, 696.94, 1.571, 24.93, 24.93
50.00, 697.18, 1.571, 24.93, 24.93
50.00, 697.43, 1.571, 24.93, 24.93
50.00, 697.68, 1.571, 24.93, 24.93
50.00, 697.93, 1.571, 24.93, 24.93
50.00, 698.18, 1.571, 24.93, 24.93
50.00, 698.43, 1.571, 24.93, 24.93
50.00, 698.68, 1.571, 24.93, 24.93
50.00, 698.93, 1.571, 24.93, 24.93
50.00, 699.18, 1.571, 24.93, 24.93
50.00, 699.43, 1.571, 24.93, 24.93
50.00, 699.68, 1.571, 24.93, 24.93
50.00, 699.93, 1.571, 24.93, 24.93
50.00, 700.18, 1.571, 24.93, 24.93
50.00, 700.43, 1.571, 24.93, 24.93
50.00, 700.67, 1.571, 24.93, 24.93
50.00, 700.92, 1.571, 24.93, 24.93
50.00, 701.17, 1.571, 24.93, 24.93
50.00, 701.42, 1.571, 24.93, 24.93
50.00, 701.67, 1.571, 24.93, 24.93
50.00, 701.92, 1.571, 24.93, 24.93
50.00, 702.17, 1.571, 24.93, 24.93
50.00, 702.42, 1.571, 24.93, 24.93
50.00, 702.67, 1.571, 24.93, 24.93
50.00, 702.92, 1.571, 24.93, 24.93
50.00, 703.17, 1.571, 24.93, 24.93
50.00, 703.42, 1.571, 24.93, 24.93
50.00, 703.67, 1.571, 24.93, 24.93
50.00, 703.91, 1.571, 24.93, 24.93
50.00, 704.16, 1.571, 24.93, 24.93
50.00, 704.41, 1.571, 24.93, 24.93
50.00, 704.66, 1.571, 24.93, 24.93
50.00, 704.91, 1.571, 24.93, 24.93
50.00, 705.16, 1.571, 24.93, 24.93
50.00, 705.41, 1.571, 24.93, 24.93
50.00, 705.66, 1.571, 24.93, 24.93
50.00, 705.91, 1.571, 24.93, 24.93
50.00, 706.16, 1.571, 24.93, 24.93
50.00, 706.41, 1.571, 24.93, 24.93
50.00, 706.66, 1.571, 24.93, 24.93
50.00, 706.91, 1.571, 24.93, 24.93
50.00, 707.16, 1.571, 24.93, 24.93
50.00, 707.40, 1.571, 24.93, 24.93
50.00, 707.65, 1.571, 24.93, 24.93
50.00, 707.90, 1.571, 24.93, 24.93
50.00, 708.15, 1.571, 24.93, 24.93
50.00, 708.40, 1.571, 24.93, 24.93
50.00, 708.65, 1.571, 24.93, 24.93
50.00, 708.90, 1.571, 24.93, 24.93
50.00, 709.15, 1.571, 24.93, 24.93
50.00, 709.40, 1.571, 24.93, 24.93
50.00, 709.65, 1.571, 24.93, 24.93
50.00, 709.90, 1.571, 24.93, 24.93
50.00, 710.15, 1.571, 24.93, 24.93
50.00, 710.40, 1.571, 24.93, 24.93
50.00, 710.65, 1.571, 24.93, 24.93
50.00, 710.89, 1.571, 24.93, 24.93
50.00, 711.14, 1.571, 24.93, 24.93
50.00, 711.39, 1.571, 24.93, 24.93
50.00, 711.64, 1.571, 24.93, 24.93
50.00, 711.89, 1.571, 24.93, 24.93
50.00, 712.14, 1.571, 24.93, 24.93
50.00, 712.39, 1.571, 24.93, 24.93
50.00, 712.64, 1.571, 24.93, 24.93
50.00, 712.89, 1.571, 24.93, 24.93
50.00, 713.14, 1.571, 24.93, 24.93
50.00, 713.39, 1.571, 24.93, 24.93
50.00, 713.64, 1.571, 24.93, 24.93
50.00, 713.89, 1.571, 24.93, 24.93
50.00, 714.13, 1.571, 24.93, 24.93
50.00, 714.38, 1.571, 24.93, 24.93
50.00, 714.63, 1.571, 24.93, 24.93
50.00, 714.88, 1.571, 24.93, 24.93
50.00, 715.13, 1.571, 24.93, 24.93
50.00, 715.38, 1.571, 24.93, 24.93
50.00, 715.63, 1.571, 24.93, 24.93
50.00, 715.88, 1.571, 24.93, 24.93
50.00, 716.13, 1.571, 24.93, 24.93
50.00, 716.38, 1.571, 24.93, 24.93
50.00, 716.63, 1.571, 24.93, 24.93
50.00, 716.88, 1.571, 24.93, 24.93
50.00, 717.13, 1.571, 24.93, 24.93
50.00, 717.38, 1.571, 24.93, 24.93
50.00, 717.62, 1.571, 24.93, 24.93
50.00, 717.87, 1.571, 24.93, 24.93
50.00, 718.12, 1.571, 24.93, 24.93
50.00, 718.37, 1.571, 24.93, 24.93
50.00, 718.62, 1.571, 24.93, 24.93
50.00, 718.87, 1.571, 24.93, 24.93
50.00, 719.12, 1.571, 24.93, 24.93
50.00, 719.37, 1.571, 24.93, 24.93
50.00, 719.62, 1.571, 24.93, 24.93
50.00, 719.87, 1.571, 24.93, 24.93
50.00, 720.12, 1.571, 24.93, 24.93
50.00, 720.37, 1.571, 24.93, 24.93
50.00, 720.62, 1.571, 24.93, 24.93
50.00, 720.87, 1.571, 24.93, 24.93
50.00, 721.11, 1.571, 24.93, 24.93
50.00, 721.36, 1.571, 24.93, 24.93
50.00, 721.61, 1.571, 24.93, 24.93
50.00, 721.86, 1.571, 24.93, 24.93
50.00, 722.11, 1.571, 24.93, 24.93
50.00, 722.36, 1.571, 24.93, 24.93
50.00, 722.61, 1.571, 24.93, 24.93
50.00, 722.86, 1.571, 24.93, 24.93
50.00, 723.11, 1.571, 24.93, 24.93
50.00, 723.36, 1.571, 24.93, 24.93
50.00, 723.61, 1.571, 24.93, 24.93
50.00, 723.86, 1.571, 24.93, 24.93
50.00, 724.11, 1.571, 24.93, 24.93
50.00, 724.35, 1.571, 24.93, 24.93
50.00, 724.60, 1.571, 24.93, 24.93
50.00, 724.85, 1.571, 24.93, 24.93
50.00, 725.10, 1.571, 24.93, 24.93
50.00, 725.35, 1.571, 24.93, 24.93
50.00, 725.60, 1.571, 24.93, 24.93
50.00, 725.85, 1.571, 24.93, 24.93
50.00, 726.10, 1.571, 24.93, 24.93
50.00, 726.35, 1.571, 24.93, 24.93
50.00, 726.60, 1.571, 24.93, 24.93
50.00, 726.85, 1.571, 24.93, 24.93
50.00, 727.10, 1.571, 24.93, 24.93
50.00, 727.35, 1.571, 24.93, 24.93
50.00, 727.60, 1.571, 24.93, 24.93
50.00, 727.84, 1.571, 24.93, 24.93
50.00, 728.09, 1.571, 24.93, 24.93
50.00, 728.34, 1.571, 24.93, 24.93
50.00, 728.59, 1.571, 24.93, 24.93
50.00, 728.84, 1.571, 24.93, 24.93
50.00, 729.09, 1.571, 24.93, 24.93
50.00, 729.34, 1.571, 24.93, 24.93
50.00, 729.59, 1.571, 24.93, 24.93
50.00, 729.84, 1.571, 24.93, 24.93
50.00, 730.09, 1.571, 24.93, 24.93
50.00, 730.34, 1.571, 24.93, 24.93
50.00, 730.59, 1.571, 24.93, 24.93
50.00, 730.84, 1.571, 24.93, 24.93
50.00, 731.09, 1.571, 24.93, 24.93
50.00, 731.33, 1.571, 24.93, 24.93
50.00, 731.58, 1.571, 24.93, 24.93
50.00, 731.83, 1.571, 24.93, 24.93
50.00, 732.08, 1.571, 24.93, 24.93
50.00, 732.33, 1.571, 24.93, 24.93
50.00, 732.58, 1.571, 24.93, 24.93
50.00, 732.83, 1.571, 24.93, 24.93
50.00, 733.08, 1.571, 24.93, 24.93
50.00, 733.33, 1.571, 24.93, 24.93
50.00, 733.58, 1.571, 24.93, 24.93
50.00, 733.83, 1.571, 24.93, 24.93
50.00, 734.08, 1.571, 24.93, 24.93
50.00, 734.33, 1.571, 24.93, 24.93
50.00, 734.57, 1.571, 24.93, 24.93
50.00, 734.82, 1.571, 24.93, 24.93
50.00, 735.07, 1.571, 24.93, 24.93
50.00, 735.32, 1.571, 24.93, 24.93
50.00, 735.57, 1.571, 24.93, 24.93
50.00, 735.82, 1.571, 24.93, 24.93
50.00, 736.07, 1.571, 24.93, 24.93
50.00, 736.32, 1.571, 24.93, 24.93
50.00, 736.57, 1.571, 24.93, 24.93
50.00, 736.82, 1.571, 24.93, 24.93
50.00, 737.07, 1.571, 24.93, 24.93
50.00, 737.32, 1.571, 24.93, 24.93
50.00, 737.57, 1.571, 24.93, 24.93
50.00, 737.82, 1.571, 24.93, 24.93
50.00, 738.06, 1.571, 24.93, 24.93
50.00, 738.31, 1.571, 24.93, 24.93
50.00, 738.56, 1.571, 24.93, 24.93
50.00, 738.81, 1.571, 24.93, 24.93
50.00, 739.06, 1.571, 24.93, 24.93
50.00, 739.31, 1.571, 24.93, 24.93
50.00, 739.56, 1.571, 24.93, 24.93
50.00, 739.81, 1.571, 24.93, 24.93
50.00, 740.06, 1.571, 24.93, 24.93
50.00, 740.31, 1.571, 24.93, 24.93
50.00, 740.56, 1.571, 24.93, 24.93
50.00, 740.81, 1.571, 24.93, 24.93
50.00, 741.06, 1.571, 24.93, 24.93
50.00, 741.30, 1.571, 24.93, 24.93
50.00, 741.55, 1.571, 24.93, 24.93
50.00, 741.80, 1.571, 24.93, 24.93
50.00, 742.05, 1.571, 24.93, 24.93
50.00, 742.30, 1.571, 24.93, 24.93
50.00, 742.55, 1.571, 24.93, 24.93
50.00, 742.80, 1.571, 24.93, 24.93
50.00, 743.05, 1.571, 24.93, 24.93
50.00, 743.30, 1.571, 24.93, 24.93
50.00, 743.55, 1.571, 24.93, 24.93
50.00, 743.80, 1.571, 24.93, 24.93
50.00, 744.05, 1.571, 24.93, 24.93
50.00, 744.30, 1.571, 24.93, 24.93
50.00, 744.55, 1.571, 24.93, 24.93
50.00, 744.79, 1.571, 24.93, 24.93
50.00, 745.04, 1.571, 24.93, 24.93
50.00, 745.29, 1.571, 24.93, 24.93
50.00, 745.54, 1.571, 24.93, 24.93
50.00, 745.79, 1.571, 24.93, 24.93
50.00, 746.04, 1.571, 24.93, 24.93
50.00, 746.29, 1.571, 24.93, 24.93
50.00, 746.54, 1.571, 24.93, 24.93
50.00, 746.79, 1.571, 24.93, 24.93
50.00, 747.04, 1.571, 24.93, 24.93
50.00, 747.29, 1.571, 24.93, 24.93
50.00, 747.54, 1.571, 24.93, 24.93
50.00, 747.79, 1.571, 24.93, 24.93
50.00, 748.04, 1.571, 24.93, 24.93
50.00, 748.28, 1.571, 24.93, 24.93
50.00, 748.53, 1.571, 24.93, 24.93
50.00, 748.78, 1.571, 24.93, 24.93
50.00, 749.03, 1.571, 24.93, 24.93
50.00, 749.28, 1.571, 24.93, 24.93
50.00, 749.53, 1.571, 24.93, 24.93
50.00, 749.78, 1.571, 24.93, 24.93
50.00, 750.03, 1.571, 24.93, 24.93
50.00, 750.28, 1.571, 24.93, 24.93
50.00, 750.53, 1.571, 24.93, 24.93
50.00, 750.78, 1.571, 24.93, 24.93
50.00, 751.03, 1.571, 24.93, 24.93
50.00, 751.28, 1.571, 24.93, 24.93
50.00, 751.52, 1.571, 24.93, 24.93
50.00, 751.77, 1.571, 24.93, 24.93
50.00, 752.02, 1.571, 24.93, 24.93
50.00, 752.27, 1.571, 24.93, 24.93
50.00, 752.52, 1.571, 24.93, 24.93
50.00, 752.77, 1.571, 24.93, 24.93
50.00, 753.02, 1.571, 24.93, 24.93
50.00, 753.27, 1.571, 24.93, 24.93
50.00, 753.52, 1.571, 24.93, 24.93
50.00, 753.77, 1.571, 24.93, 24.93
50.00, 754.02, 1.571, 24.93, 24.93
50.00, 754.27, 1.571, 24.93, 24.93
50.00, 754.52, 1.571, 24.93, 24.93
50.00, 754.77, 1.571, 24.93, 24.93
50.00, 755.01, 1.571, 24.93, 24.93
50.00, 755.26, 1.571, 24.93, 24.93
50.00, 755.51, 1.571, 24.93, 24.93
50.00, 755.76, 1.571, 24.93, 24.93
50.00, 756.01, 1.571, 24.93, 24.93
50.00, 756.26, 1.571, 24.93, 24.93
50.00, 756.51, 1.571, 24.93, 24.93
50.00, 756.76, 1.571, 24.93, 24.93
50.00, 757.01, 1.571, 24.93, 24.93
50.00, 757.26, 1.571, 24.93, 24.93
50.00, 757.51, 1.571, 24.93, 24.93
50.00, 757.76, 1.571, 24.93, 24.93
50.00, 758.01, 1.571, 24.93, 24.93
50.00, 758.26, 1.571, 24.93, 24.93
50.00, 758.50, 1.571, 24.93, 24.93
50.00, 758.75, 1.571, 24.93, 24.93
50.00, 759.00, 1.571, 24.93, 24.93
50.00, 759.25, 1.571, 24.93, 24.93
50.00, 759.50, 1.571, 24.93, 24.93
50.00, 759.75, 1.571, 24.93, 24.93
50.00, 760.00, 1.571, 24.93, 24.93
50.00, 760.25, 1.571, 24.93, 24.93
50.00, 760.50, 1.571, 24.93, 24.93
50.00, 760.75, 1.571, 24.93, 24.93
50.00, 761.00, 1.571, 24.93, 24.93
50.00, 761.25, 1.571, 24.93, 24.93
50.00, 761.50, 1.571, 24.93, 24.93
50.00, 761.74, 1.571, 24.93, 24.93
50.00, 761.99, 1.571, 24.93, 24.93
50.00, 762.24, 1.571, 24.93, 24.93
50.00, 762.49, 1.571, 24.93, 24.93
50.00, 762.74, 1.571, 24.93, 24.93
50.00, 762.99, 1.571, 24.93, 24.93
50.00, 763.24, 1.571, 24.93, 24.93
50.00, 763.49, 1.571, 24.93, 24.93
50.00, 763.74, 1.571, 24.93, 24.93
50.00, 763.99, 1.571, 24.93, 24.93
50.00, 764.24, 1.571, 24.93, 24.93
50.00, 764.49, 1.571, 24.93, 24.93
50.00, 764.74, 1.571, 24.93, 24.93
50.00, 764.99, 1.571, 24.93, 24.93
50.00, 765.23, 1.571, 24.93, 24.93
50.00, 765.48, 1.571, 24.93, 24.93
50.00, 765.73, 1.571, 24.93, 24.93
50.00, 765.98, 1.571, 24.93, 24.93
50.00, 766.23, 1.571, 24.93, 24.93
50.00, 766.48, 1.571, 24.93, 24.93
50.00, 766.73, 1.571, 24.93, 24.93
50.00, 766.98, 1.571, 24.93, 24.93
50.00, 767.23, 1.571, 24.93, 24.93
50.00, 767.48, 1.571, 24.93, 24.93
50.00, 767.73, 1.571, 24.93, 24.93
50.00, 767.98, 1.571, 24.93, 24.93
50.00, 768.23, 1.571, 24.93, 24.93
50.00, 768.48, 1.571, 24.93, 24.93
50.00, 768.72, 1.571, 24.93, 24.93
50.00, 768.97, 1.571, 24.93, 24.93
50.00, 769.22, 1.571, 24.93, 24.93
50.00, 769.47, 1.571, 24.93, 24.93
50.00, 769.72, 1.571, 24.93, 24.93
50.00, 769.97, 1.571, 24.93, 24.93
50.00, 770.22, 1.571, 24.93, 24.93
50.00, 770.47, 1.571, 24.93, 24.93
50.00, 770.72, 1.571, 24.93, 24.93
50.00, 770.97, 1.571, 24.93, 24.93
50.00, 771.22, 1.571, 24.93, 24.93
50.00, 771.47, 1.571, 24.93, 24.93
50.00, 771.72, 1.571, 24.93, 24.93
50.00, 771.96, 1.571, 24.93, 24.93
50.00, 772.21, 1.571, 24.93, 24.93
50.00, 772.46, 1.571, 24.93, 24.93
50.00, 772.71, 1.571, 24.93, 24.93
50.00, 772.96, 1.571, 24.93, 24.93
50.00, 773.21, 1.571, 24.93, 24.93
50.00, 773.46, 1.571, 24.93, 24.93
50.00, 773.71, 1.571, 24.93, 24.93
50.00, 773.96, 1.571, 24.93, 24.93
50.00, 774.21, 1.571, 24.93, 24.93
50.00, 774.46, 1.571, 24.93, 24.93
50.00, 774.71, 1.571, 24.93, 24.93
50.00, 774.96, 1.571, 24.93, 24.93
50.00, 775.21, 1.571, 24.93, 24.93
50.00, 775.45, 1.571, 24.93, 24.93
50.00, 775.70, 1.571, 24.93, 24.93
50.00, 775.95, 1.571, 24.93, 24.93
50.00, 776.20, 1.571, 24.93, 24.93
50.00, 776.45, 1.571, 24.93, 24.93
50.00, 776.70, 1.571, 24.93, 24.93
50.00, 776.95, 1.571, 24.93, 24.93
50.00, 777.20, 1.571, 24.93, 24.93
50.00, 777.45, 1.571, 24.93, 24.93
50.00, 777.70, 1.571, 24.93, 24.93
50.00, 777.95, 1.571, 24.93, 24.93
50.00, 778.20, 1.571, 24.93, 24.93
50.00, 778.45, 1.571, 24.93, 24.93
50.00, 778.70, 1.571, 24.93, 24.93
50.00, 778.94, 1.571, 24.93, 24.93
50.00, 779.19, 1.571, 24.93, 24.93
50.00, 779.44, 1.571, 24.93, 24.93
50.00, 779.69, 1.571, 24.93, 24.93
50.00, 779.94, 1.571, 24.93, 24.93
50.00, 780.19, 1.571, 24.93, 24.93
50.00, 780.44, 1.571, 24.93, 24.93
50.00, 780.69, 1.571, 24.93, 24.93
50.00, 780.94, 1.571, 24.93, 24.93
50.00, 781.19, 1.571, 24.93, 24.93
50.00, 781.44, 1.571, 24.93, 24.93
50.00, 781.69, 1.571, 24.93, 24.93
50.00, 781.94, 1.571, 24.93, 24.93
50.00, 782.18, 1.571, 24.93, 24.93
50.00, 782.43, 1.571, 24.93, 24.93
50.00, 782.68, 1.571, 24.93, 24.93
50.00, 782.93, 1.571, 24.93, 24.93
50.00, 783.18, 1.571, 24.93, 24.93
50.00, 783.43, 1.571, 24.93, 24.93
50.00, 783.68, 1.571, 24.93, 24.93
50.00, 783.93, 1.571, 24.93, 24.93
50.00, 784.18, 1.571, 24.93, 24.93
50.00, 784.43, 1.571, 24.93, 24.93
50.00, 784.68, 1.571, 24.93, 24.93
50.00, 784.93, 1.571, 24.93, 24.93
50.00, 785.18, 1.571, 24.93, 24.93
50.00, 785.43, 1.571, 24.93, 24.93
50.00, 785.67, 1.571, 24.93, 24.93
50.00, 785.92, 1.571, 24.93, 24.93
50.00, 786.17, 1.571, 24.93, 24.93
50.00, 786.42, 1.571, 24.93, 24.93
50.00, 786.67, 1.571, 24.93, 24.93
50.00, 786.92, 1.571, 24.93, 24.93
50.00, 787.17, 1.571, 24.93, 24.93
50.00, 787.42, 1.571, 24.93, 24.93
50.00, 787.67, 1.571, 24.93, 24.93
50.00, 787.92, 1.571, 24.93, 24.93
50.00, 788.17, 1.571, 24.93, 24.93
50.00, 788.42, 1.571, 24.93, 24.93
50.00, 788.67, 1.571, 24.93, 24.93
50.00, 788.91, 1.571, 24.93, 24.93
50.00, 789.16, 1.571, 24.93, 24.93
50.00, 789.41, 1.571, 24.93, 24.93
50.00, 789.66, 1.571, 24.93, 24.93
50.00, 789.91, 1.571, 24.93, 24.93
50.00, 790.16, 1.571, 24.93, 24.93
50.00, 790.41, 1.571, 24.93, 24.93
50.00, 790.66, 1.571, 24.93, 24.93
50.00, 790.91, 1.571, 24.93, 24.93
50.00, 791.16, 1.571, 24.93, 24.93
50.00, 791.41, 1.571, 24.93, 24.93
50.00, 791.66, 1.571, 24.93, 24.93
50.00, 791.91, 1.571, 24.93, 24.93
50.00, 792.16, 1.571, 24.93, 24.93
50.00, 792.40, 1.571, 24.93, 24.93
50.00, 792.65, 1.571, 24.93, 24.93
50.00, 792.90, 1.571, 24.93, 24.93
50.00, 793.15, 1.571, 24.93, 24.93
50.00, 793.40, 1.571, 24.93, 24.93
50.00, 793.65, 1.571, 24.93, 24.93
50.00, 793.90, 1.571, 24.93, 24.93
50.00, 794.15, 1.571, 24.93, 24.93
50.00, 794.40, 1.571, 24.93, 24.93
50.00, 794.65, 1.571, 24.93, 24.93
50.00, 794.90, 1.571, 24.93, 24.93
50.00, 795.15, 1.571, 24.93, 24.93
50.00, 795.40, 1.571, 24.93, 24.93
50.00, 795.65, 1.571, 24.93, 24.93
50.00, 795.89, 1.571, 24.93, 24.93
50.00, 796.14, 1.571, 24.93, 24.93
50.00, 796.39, 1.571, 24.93, 24.93
50.00, 796.64, 1.571, 24.93, 24.93
50.00, 796.89, 1.571, 24.93, 24.93
50.00, 797.14, 1.571, 24.93, 24.93
50.00, 797.39, 1.571, 24.93, 24.93
50.00, 797.64, 1.571, 24.93, 24.93
50.00, 797.89, 1.571, 24.93, 24.93
50.00, 798.14, 1.571, 24.93, 24.93
50.00, 798.39, 1.571, 24.93, 24.93
50.00, 798.64, 1.571, 24.93, 24.93
50.00, 798.89, 1.571, 24.93, 24.93
50.00, 799.13, 1.571, 24.93, 24.93
50.00, 799.38, 1.571, 24.93, 24.93
50.00, 799.63, 1.571, 24.93, 24.93
50.00, 799.88, 1.571, 24.93, 24.93
50.00, 800.13, 1.571, 24.93, 24.93
50.00, 800.38, 1.571, 24.93, 24.93
50.00, 800.63, 1.571, 24.93, 24.93
50.00, 800.88, 1.571, 24.93, 24.93
50.00, 801.13, 1.571, 24.93, 24.93
50.00, 801.38, 1.571, 24.93, 24.93
50.00, 801.63, 1.571, 24.93, 24.93
50.00, 801.88, 1.571, 24.93, 24.93
50.00, 802.13, 1.571, 24.93, 24.93
50.00, 802.38, 1.571, 24.93, 24.93
50.00, 802.62, 1.571, 24.93, 24.93
50.00, 802.87, 1.571, 24.93, 24.93
50.00, 803.12, 1.571, 24.93, 24.93
50.00, 803.37, 1.571, 24.93, 24.93
50.00, 803.62, 1.571, 24.93, 24.93
50.00, 803.87, 1.571, 24.93, 24.93
50.00, 804.12, 1.571, 24.93, 24.93
50.00, 804.37, 1.571, 24.93, 24.93
50.00, 804.62, 1.571, 24.93, 24.93
50.00, 804.87, 1.571, 24.93, 24.93
50.00, 805.12, 1.571, 24.93, 24.93
50.00, 805.37, 1.571, 24.93, 24.93
50.00, 805.62, 1.571, 24.93, 24.93
50.00, 805.87, 1.571, 24.93, 24.93
50.00, 806.11, 1.571, 24.93, 24.93
50.00, 806.36, 1.571, 24.93, 24.93
50.00, 806.61, 1.571, 24.93, 24.93
50.00, 806.86, 1.571, 24.93, 24.93
50.00, 807.11, 1.571, 24.93, 24.93
50.00, 807.36, 1.571, 24.93, 24.93
50.00, 807.61, 1.571, 24.93, 24.93
50.00, 807.86, 1.571, 24.93, 24.93
50.00, 808.11, 1.571, 24.93, 24.93
50.00, 808.36, 1.571, 24.93, 24.93
50.00, 808.61, 1.571, 24.93, 24.93
50.00, 808.86, 1.571, 24.93, 24.93
50.00, 809.11, 1.571, 24.93, 24.93
50.00, 809.35, 1.571, 24.93, 24.93
50.00, 809.60, 1.571, 24.93, 24.93
50.00, 809.85, 1.571, 24.93, 24.93
50.00, 810.10, 1.571, 24.93, 24.93
50.00, 810.35, 1.571, 24.93, 24.93
50.00, 810.60, 1.571, 24.93, 24.93
50.00, 810.85, 1.571, 24.93, 24.93
50.00, 811.10, 1.571, 24.93, 24.93
50.00, 811.35, 1.571, 24.93, 24.93
50.00, 811.60, 1.571, 24.93, 24.93
50.00, 811.85, 1.571, 24.93, 24.93
50.00, 812.10, 1.571, 24.93, 24.93
50.00, 812.35, 1.571, 24.93, 24.93
50.00, 812.60, 1.571, 24.93, 24.93
50.00, 812.84, 1.571, 24.93, 24.93
50.00, 813.09, 1.571, 24.93, 24.93
50.00, 813.34, 1.571, 24.93, 24.93
50.00, 813.59, 1.571, 24.93, 24.93
50.00, 813.84, 1.571, 24.93, 24.93
50.00, 814.09, 1.571, 24.93, 24.93
50.00, 814.34, 1.571, 24.93, 24.93
50.00, 814.59, 1.571, 24.93, 24.93
50.00, 814.84, 1.571, 24.93, 24.93
50.00, 815.09, 1.571, 24.93, 24.93
50.00, 815.34, 1.571, 24.93, 24.93
50.00, 815.59, 1.571, 24.93, 24.93
50.00, 815.84, 1.571, 24.93, 24.93
50.00, 816.09, 1.571, 24.93, 24.93
50.00, 816.33, 1.571, 24.93, 24.93
50.00, 816.58, 1.571, 24.93, 24.93
50.00, 816.83, 1.571, 24.93, 24.93
50.00, 817.08, 1.571, 24.93, 24.93
50.00, 817.33, 1.571, 24.93, 24.93
50.00, 817.58, 1.571, 24.93, 24.93
50.00, 817.83, 1.571, 24.93, 24.93
50.00, 818.08, 1.571, 24.93, 24.93
50.00, 818.33, 1.571, 24.93, 24.93
50.00, 818.58, 1.571, 24.93, 24.93
50.00, 818.83, 1.571, 24.93, 24.93
50.00, 819.08, 1.571, 24.93, 24.93
50.00, 819.33, 1.571, 24.93, 24.93
50.00, 819.57, 1.571, 24.93, 24.93
50.00, 819.82, 1.571, 24.93, 24.93
50.00, 820.07, 1.571, 24.93, 24.93
50.00, 820.32, 1.571, 24.93, 24.93
50.00, 820.57, 1.571, 24.93, 24.93
50.00, 820.82, 1.571, 24.93, 24.93
50.00, 821.07, 1.571, 24.93, 24.93
50.00, 821.32, 1.571, 24.93, 24.93
50.00, 821.57, 1.571, 24.93, 24.93
50.00, 821.82, 1.571, 24.93, 24.93
50.00, 822.07, 1.571, 24.93, 24.93
50.00, 822.32, 1.571, 24.93, 24.93
50.00, 822.57, 1.571, 24.93, 24.93
50.00, 822.82, 1.571, 24.93, 24.93
50.00, 823.06, 1.571, 24.93, 24.93
50.00, 823.31, 1.571, 24.93, 24.93
50.00, 823.56, 1.571, 24.93, 24.93
50.00, 823.81, 1.571, 24.93, 24.93
50.00, 824.06, 1.571, 24.93, 24.93
50.00, 824.31, 1.571, 24.93, 24.93
50.00, 824.56, 1.571, 24.93, 24.93
50.00, 824.81, 1.571, 24.93, 24.93
50.00, 825.06, 1.571, 24.93, 24.93
50.00, 825.31, 1.571, 24.93, 24.93
50.00, 825.56, 1.571, 24.93, 24.93
50.00, 825.81, 1.571, 24.93, 24.93
50.00, 826.06, 1.571, 24.93, 24.93
50.00, 826.30, 1.571, 24.93, 24.93
50.00, 826.55, 1.571, 24.93, 24.93
50.00, 826.80, 1.571, 24.93, 24.93
50.00, 827.05, 1.571, 24.93, 24.93
50.00, 827.30, 1.571, 24.93, 24.93
50.00, 827.55, 1.571, 24.93, 24.93
50.00, 827.80, 1.571, 24.93, 24.93
50.00, 828.05, 1.571, 24.93, 24.93
50.00, 828.30, 1.571, 24.93, 24.93
50.00, 828.55, 1.571, 24.93, 24.93
50.00, 828.80, 1.571, 24.93, 24.93
50.00, 829.05, 1.571, 24.93, 24.93
50.00, 829.30, 1.571, 24.93, 24.93
50.00, 829.55, 1.571, 24.93, 24.93
50.00, 829.79, 1.571, 24.93, 24.93
50.00, 830.04, 1.571, 24.93, 24.93
50.00, 830.29, 1.571, 24.93, 24.93
50.00, 830.54, 1.571, 24.93, 24.93
50.00, 830.79, 1.571, 24.93, 24.93
50.00, 831.04, 1.571, 24.93, 24.93
50.00, 831.29, 1.571, 24.93, 24.93
50.00, 831.54, 1.571, 24.93, 24.93
50.00, 831.79, 1.571, 24.93, 24.93
50.00, 832.04, 1.571, 24.93, 24.93
50.00, 832.29, 1.571, 24.93, 24.93
50.00, 832.54, 1.571, 24.93, 24.93
50.00, 832.79, 1.571, 24.93, 24.93
50.00, 833.04, 1.571, 24.93, 24.93
50.00, 833.28, 1.571, 24.93, 24.93
50.00, 833.53, 1.571, 24.93, 24.93
50.00, 833.78, 1.571, 24.93, 24.93
50.00, 834.03, 1.571, 24.93, 24.93
50.00, 834.28, 1.571, 24.93, 24.93
50.00, 834.53, 1.571, 24.93, 24.93
50.00, 834.78, 1.571, 24.93, 24.93
50.00, 835.03, 1.571, 24.93, 24.93
50.00, 835.28, 1.571, 24.93, 24.93
50.00, 835.53, 1.571, 24.93, 24.93
50.00, 835.78, 1.571, 24.93, 24.93
50.00, 836.03, 1.571, 24.93, 24.93
50.00, 836.28, 1.571, 24.93, 24.93
50.00, 836.52, 1.571, 24.93, 24.93
50.00, 836.77, 1.571, 24.93, 24.93
50.00, 837.02, 1.571, 24.93, 24.93
50.00, 837.27, 1.571, 24.93, 24.93
50.00, 837.52, 1.571, 24.93, 24.93
50.00, 837.77, 1.571, 24.93, 24.93
50.00, 838.02, 1.571, 24.93, 24.93
50.00, 838.27, 1.571, 24.93, 24.93
50.00, 838.52, 1.571, 24.93, 24.93
50.00, 838.77, 1.571, 24.93, 24.93
50.00, 839.02, 1.571, 24.93, 24.93
50.00, 839.27, 1.571, 24.93, 24.93
50.00, 839.52, 1.571, 24.93, 24.93
50.00, 839.77, 1.571, 24.93, 24.93
50.00, 840.01, 1.571, 24.93, 24.93
50.00, 840.26, 1.571, 24.93, 24.93
50.00, 840.51, 1.571, 24.93, 24.93
50.00, 840.76, 1.571, 24.93, 24.93
50.00, 841.01, 1.571, 24.93, 24.93
50.00, 841.26, 1.571, 24.93, 24.93
50.00, 841.51, 1.571, 24.93, 24.93
50.00, 841.76, 1.571, 24.93, 24.93
50.00, 842.01, 1.571, 24.93, 24.93
50.00, 842.26, 1.571, 24.93, 24.93
50.00, 842.51, 1.571, 24.93, 24.93
50.00, 842.76, 1.571, 24.93, 24.93
50.00, 843.01, 1.571, 24.93, 24.93
50.00, 843.26, 1.571, 24.93, 24.93
50.00, 843.50, 1.571, 24.93, 24.93
50.00, 843.75, 1.571, 24.93, 24.93
50.00, 844.00, 1.571, 24.93, 24.93
50.00, 844.25, 1.571, 24.93, 24.93
50.00, 844.50, 1.571, 24.93, 24.93
50.00, 844.75, 1.571, 24.93, 24.93
50.00, 845.00, 1.571, 24.93, 24.93
50.00, 845.25, 1.571, 24.93, 24.93
50.00, 845.50, 1.571, 24.93, 24.93
50.00, 845.75, 1.571, 24.93, 24.93
50.00, 846.00, 1.571, 24.93, 24.93
50.00, 846.25, 1.571, 24.93, 24.93
50.00, 846.50, 1.571, 24.93, 24.93
50.00, 846.74, 1.571, 24.93, 24.93
50.00, 846.99, 1.571, 24.93, 24.93
50.00, 847.24, 1.571, 24.93, 24.93
50.00, 847.49, 1.571, 24.93, 24.93
50.00, 847.74, 1.571, 24.93, 24.93
50.00, 847.99, 1.571, 24.93, 24.93
50.00, 848.24, 1.571, 24.93, 24.93
50.00, 848.49, 1.571, 24.93, 24.93
50.00, 848.74, 1.571, 24.93, 24.93
50.00, 848.99, 1.571, 24.93, 24.93
50.00, 849.24, 1.571, 24.93, 24.93
50.00, 849.49, 1.571, 24.93, 24.93
50.00, 849.74, 1.571, 24.93, 24.93
50.00, 849.99, 1.571, 24.93, 24.93
50.00, 850.23, 1.571, 24.93, 24.93
50.00, 850.48, 1.571, 24.93, 24.93
50.00, 850.73, 1.571, 24.93, 24.93
50.00, 850.98, 1.571, 24.93, 24.93
50.00, 851.23, 1.571, 24.93, 24.93
50.00, 851.48, 1.571, 24.93, 24.93
50.00, 851.73, 1.571, 24.93, 24.93
50.00, 851.98, 1.571, 24.93, 24.93
50.00, 852.23, 1.571, 24.93, 24.93
50.00, 852.48, 1.571, 24.93, 24.93
50.00, 852.73, 1.571, 24.93, 24.93
50.00, 852.98, 1.571, 24.93, 24.93
50.00, 853.23, 1.571, 24.93, 24.93
50.00, 853.48, 1.571, 24.93, 24.93
50.00, 853.72, 1.571, 24.93, 24.93
50.00, 853.97, 1.571, 24.93, 24.93
50.00, 854.22, 1.571, 24.93, 24.93
50.00, 854.47, 1.571, 24.93, 24.93
50.00, 854.72, 1.571, 24.93, 24.93
50.00, 854.97, 1.571, 24.93, 24.93
50.00, 855.22, 1.571, 24.93, 24.93
50.00, 855.47, 1.571, 24.93, 24.93
50.00, 855.72, 1.571, 24.93, 24.93
50.00, 855.97, 1.571, 24.93, 24.93
50.00, 856.22, 1.571, 24.93, 24.93
50.00, 856.47, 1.571, 24.93, 24.93
50.00, 856.72, 1.571, 24.93, 24.93
50.00, 856.96, 1.571, 24.93, 24.93
50.00, 857.21, 1.571, 24.93, 24.93
50.00, 857.46, 1.571, 24.93, 24.93
50.00, 857.71, 1.571, 24.93, 24.93
50.00, 857.96, 1.571, 24.93, 24.93
50.00, 858.21, 1.571, 24.93, 24.93
50.00, 858.46, 1.571, 24.93, 24.93
50.00, 858.71, 1.571, 24.93, 24.93
50.00, 858.96, 1.571, 24.93, 24.93
50.00, 859.21, 1.571, 24.93, 24.93
50.00, 859.46, 1.571, 24.93, 24.93
50.00, 859.71, 1.571, 24.93, 24.93
50.00, 859.96, 1.571, 24.93, 24.93
50.00, 860.21, 1.571, 24.93, 24.93
50.00, 860.45, 1.571, 24.93, 24.93
50.00, 860.70, 1.571, 24.93, 24.93
50.00, 860.95, 1.571, 24.93, 24.93
50.00, 861.20, 1.571, 24.93, 24.93
50.00, 861.45, 1.571, 24.93, 24.93
50.00, 861.70, 1.571, 24.93, 24.93
50.00, 861.95, 1.571, 24.93, 24.93
50.00, 862.20, 1.571, 24.93, 24.93
50.00, 862.45, 1.571, 24.93, 24.93
50.00, 862.70, 1.571, 24.93, 24.93
50.00, 862.95, 1.571, 24.93, 24.93
50.00, 863.20, 1.571, 24.93, 24.93
50.00, 863.45, 1.571, 24.93, 24.93
50.00, 863.70, 1.571, 24.93, 24.93
50.00, 863.94, 1.571, 24.93, 24.93
50.00, 864.19, 1.571, 24.93, 24.93
50.00, 864.44, 1.571, 24.93, 24.93
50.00, 864.69, 1.571, 24.93, 24.93
50.00, 864.94, 1.571, 24.93, 24.93
50.00, 865.19, 1.571, 24.93, 24.93
50.00, 865.44, 1.571, 24.93, 24.93
50.00, 865.69, 1.571, 24.93, 24.93
50.00, 865.94, 1.571, 24.93, 24.93
50.00, 866.19, 1.571, 24.93, 24.93
50.00, 866.44, 1.571, 24.93, 24.93
50.00, 866.69, 1.571, 24.93, 24.93
50.00, 866.94, 1.571, 24.93, 24.93
50.00, 867.18, 1.571, 24.93, 24.93
50.00, 867.43, 1.571, 24.93, 24.93
50.00, 867.68, 1.571, 24.93, 24.93
50.00, 867.93, 1.571, 24.93, 24.93
50.00, 868.18, 1.571, 24.93, 24.93
50.00, 868.43, 1.571, 24.93, 24.93
50.00, 868.68, 1.571, 24.93, 24.93
50.00, 868.93, 1.571, 24.93, 24.93
50.00, 869.18, 1.571, 24.93, 24.93
50.00, 869.43, 1.571, 24.93, 24.93
50.00, 869.68, 1.571, 24.93, 24.93
50.00, 869.93, 1.571, 24.93, 24.93
50.00, 870.18, 1.571, 24.93, 24.93
50.00, 870.43, 1.571, 24.93, 24.93
50.00, 870.67, 1.571, 24.93, 24.93
50.00, 870.92, 1.571, 24.93, 24.93
50.00, 871.17, 1.571, 24.93, 24.93
50.00, 871.42, 1.571, 24.93, 24.93
50.00, 871.67, 1.571, 24.93, 24.93
50.00, 871.92, 1.571, 24.93, 24.93
50.00, 872.17, 1.571, 24.93, 24.93
50.00, 872.42, 1.571, 24.93, 24.93
50.00, 872.67, 1.571, 24.93, 24.93
50.00, 872.92, 1.571, 24.93, 24.93
50.00, 873.17, 1.571, 24.93, 24.93
50.00, 873.42, 1.571, 24.93, 24.93
50.00, 873.67, 1.571, 24.93, 24.93
50.00, 873.91, 1.571, 24.93, 24.93
50.00, 874.16, 1.571, 24.93, 24.93
50.00, 874.41, 1.571, 24.93, 24.93
50.00, 874.66, 1.571, 24.93, 24.93
50.00, 874.91, 1.571, 24.93, 24.93
50.00, 875.16, 1.571, 24.93, 24.93
50.00, 875.41, 1.571, 24.93, 24.93
50.00, 875.66, 1.571, 24.93, 24.93
50.00, 875.91, 1.571, 24.93, 24.93
50.00, 876.16, 1.571, 24.93, 24.93
50.00, 876.41, 1.571, 24.93, 24.93
50.00, 876.66, 1.571, 24.93, 24.93
50.00, 876.91, 1.571, 24.93, 24.93
50.00, 877.16, 1.571, 24.93, 24.93
50.00, 877.40, 1.571, 24.93, 24.93
50.00, 877.65, 1.571, 24.93, 24.93
50.00, 877.90, 1.571, 24.93, 24.93
50.00, 878.15, 1.571, 24.93, 24.93
50.00, 878.40, 1.571, 24.93, 24.93
50.00, 878.65, 1.571, 24.93, 24.93
50.00, 878.90, 1.571, 24.93, 24.93
50.00, 879.15, 1.571, 24.93, 24.93
50.00, 879.40, 1.571, 24.93, 24.93
50.00, 879.65, 1.571, 24.93, 24.93
50.00, 879.90, 1.571, 24.93, 24.93
50.00, 880.15, 1.571, 24.93, 24.93
50.00, 880.40, 1.571, 24.93, 24.93
50.00, 880.65, 1.571, 24.93, 24.93
50.00, 880.89, 1.571, 24.93, 24.93
50.00, 881.14, 1.571, 24.93, 24.93
50.00, 881.39, 1.571, 24.93, 24.93
50.00, 881.64, 1.571, 24.93, 24.93
50.00, 881.89, 1.571, 24.93, 24.93
50.00, 882.14, 1.571, 24.93, 24.93
50.00, 882.39, 1.571, 24.93, 24.93
50.00, 882.64, 1.571, 24.93, 24.93
50.00, 882.89, 1.571, 24.93, 24.93
50.00, 883.14, 1.571, 24.93, 24.93
50.00, 883.39, 1.571, 24.93, 24.93
50.00, 883.64, 1.571, 24.93, 24.93
50.00, 883.89, 1.571, 24.93, 24.93
50.00, 884.13, 1.571, 24.93, 24.93
50.00, 884.38, 1.571, 24.93, 24.93
50.00, 884.63, 1.571, 24.93, 24.93
50.00, 884.88, 1.571, 24.93, 24.93
50.00, 885.13, 1.571, 24.93, 24.93
50.00, 885.38, 1.571, 24.93, 24.93
50.00, 885.63, 1.571, 24.93, 24.93
50.00, 885.88, 1.571, 24.93, 24.93
50.00, 886.13, 1.571, 24.93, 24.93
50.00, 886.38, 1.571, 24.93, 24.93
50.00, 886.63, 1.571, 24.93, 24.93
50.00, 886.88, 1.571, 24.93, 24.93
50.00, 887.13, 1.571, 24.93, 24.93
50.00, 887.38, 1.571, 24.93, 24.93
50.00, 887.62, 1.571, 24.93, 24.93
50.00, 887.87, 1.571, 24.93, 24.93
50.00, 888.12, 1.571, 24.93, 24.93
50.00, 888.37, 1.571, 24.93, 24.93
50.00, 888.62, 1.571, 24.93, 24.93
50.00, 888.87, 1.571, 24.93, 24.93
50.00, 889.12, 1.571, 24.93, 24.93
50.00, 889.37, 1.571, 24.93, 24.93
50.00, 889.62, 1.571, 24.93, 24.93
50.00, 889.87, 1.571, 24.93, 24.93
50.00, 890.12, 1.571, 24.93, 24.93
50.00, 890.37, 1.571, 24.93, 24.93
50.00, 890.62, 1.571, 24.93, 24.93
50.00, 890.87, 1.571, 24.93, 24.93
50.00, 891.11, 1.571, 24.93, 24.93
50.00, 891.36, 1.571, 24.93, 24.93
50.00, 891.61, 1.571, 24.93, 24.93
50.00, 891.86, 1.571, 24.93, 24.93
50.00, 892.11, 1.571, 24.93, 24.93
50.00, 892.36, 1.571, 24.93, 24.93
50.00, 892.61, 1.571, 24.93, 24.93
50.00, 892.86, 1.571, 24.93, 24.93
50.00, 893.11, 1.571, 24.93, 24.93
50.00, 893.36, 1.571, 24.93, 24.93
50.00, 893.61, 1.571, 24.93, 24.93
50.00, 893.86, 1.571, 24.93, 24.93
50.00, 894.11, 1.571, 24.93, 24.93
50.00, 894.35, 1.571, 24.93, 24.93
50.00, 894.60, 1.571, 24.93, 24.93
50.00, 894.85, 1.571, 24.93, 24.93
50.00, 895.10, 1.571, 24.93, 24.93
50.00, 895.35, 1.571, 24.93, 24.93
50.00, 895.60, 1.571, 24.93, 24.93
50.00, 895.85, 1.571, 24.93, 24.93
50.00, 896.10, 1.571, 24.93, 24.93
50.00, 896.35, 1.571, 24.93, 24.93
50.00, 896.60, 1.571, 24.93, 24.93
50.00, 896.85, 1.571, 24.93, 24.93
50.00, 897.10, 1.571, 24.93, 24.93
50.00, 897.35, 1.571, 24.93, 24.93
50.00, 897.60, 1.571, 24.93, 24.93
50.00, 897.84, 1.571, 24.93, 24.93
50.00, 898.09, 1.571, 24.93, 24.93
50.00, 898.34, 1.571, 24.93, 24.93
50.00, 898.59, 1.571, 24.93, 24.93
50.00, 898.84, 1.571, 24.93, 24.93
50.00, 899.09, 1.571, 24.93, 24.93
50.00, 899.34, 1.571, 24.93, 24.93
50.00, 899.59, 1.571, 24.93, 24.93
50.00, 899.84, 1.571, 24.93, 24.93
50.00, 900.09, 1.571, 24.93, 24.93
50.00, 900.34, 1.571, 24.93, 24.93
50.00, 900.59, 1.571, 24.93, 24.93
50.00, 900.84, 1.571, 24.93, 24.93
50.00, 901.09, 1.571, 24.93, 24.93
50.00, 901.33, 1.571, 24.93, 24.93
50.00, 901.58, 1.571, 24.93, 24.93
50.00, 901.83, 1.571, 24.93, 24.93
50.00, 902.08, 1.571, 24.93, 24.93
50.00, 902.33, 1.571, 24.93, 24.93
50.00, 902.58, 1.571, 24.93, 24.93
50.00, 902.83, 1.571, 24.93, 24.93
50.00, 903.08, 1.571, 24.93, 24.93
50.00, 903.33, 1.571, 24.93, 24.93
50.00, 903.58, 1.571, 24.93, 24.93
50.00, 903.83, 1.571, 24.93, 24.93
50.00, 904.08, 1.571, 24.93, 24.93
50.00, 904.33, 1.571, 24.93, 24.93
50.00, 904.57, 1.571, 24.93, 24.93
50.00, 904.82, 1.571, 24.93, 24.93
50.00, 905.07, 1.571, 24.93, 24.93
50.00, 905.32, 1.571, 24.93, 24.93
50.00, 905.57, 1.571, 24.93, 24.93
50.00, 905.82, 1.571, 24.93, 24.93
50.00, 906.07, 1.571, 24.93, 24.93
50.00, 906.32, 1.571, 24.93, 24.93
50.00, 906.57, 1.571, 24.93, 24.93
50.00, 906.82, 1.571, 24.93, 24.93
50.00, 907.07, 1.571, 24.93, 24.93
50.00, 907.32, 1.571, 24.93, 24.93
50.00, 907.57, 1.571, 24.93, 24.93
50.00, 907.82, 1.571, 24.93, 24.93
50.00, 908.06, 1.571, 24.93, 24.93
50.00, 908.31, 1.571, 24.93, 24.93
50.00, 908.56, 1.571, 24.93, 24.93
50.00, 908.81, 1.571, 24.93, 24.93
50.00, 909.06, 1.571, 24.93, 24.93
50.00, 909.31, 1.571, 24.93, 24.93
50.00, 909.56, 1.571, 24.93, 24.93
50.00, 909.81, 1.571, 24.93, 24.93
50.00, 910.06, 1.571, 24.93, 24.93
50.00, 910.31, 1.571, 24.93, 24.93
50.00, 910.56, 1.571, 24.93, 24.93
50.00, 910.81, 1.571, 24.93, 24.93
50.00, 911.06, 1.571, 24.93, 24.93
50.00, 911.30, 1.571, 24.93, 24.93
50.00, 911.55, 1.571, 24.93, 24.93
50.00, 911.80, 1.571, 24.93, 24.93
50.00, 912.05, 1.571, 24.93, 24.93
50.00, 912.30, 1.571, 24.93, 24.93
50.00, 912.55, 1.571, 24.93, 24.93
50.00, 912.80, 1.571, 24.93, 24.93
50.00, 913.05, 1.571, 24.93, 24.93
50.00, 913.30, 1.571, 24.93, 24.93
50.00, 913.55, 1.571, 24.93, 24.93
50.00, 913.80, 1.571, 24.93, 24.93
50.00, 914.05, 1.571, 24.93, 24.93
50.00, 914.30, 1.571, 24.93, 24.93
50.00, 914.55, 1.571, 24.93, 24.93
50.00, 914.79, 1.571, 24.93, 24.93
50.00, 915.04, 1.571, 24.93, 24.93
50.00, 915.29, 1.571, 24.93, 24.93
50.00, 915.54, 1.571, 24.93, 24.93
50.00, 915.79, 1.571, 24.93, 24.93
50.00, 916.04, 1.571, 24.93, 24.93
50.00, 916.29, 1.571, 24.93, 24.93
50.00, 916.54, 1.571, 24.93, 24.93
50.00, 916.79, 1.571, 24.93, 24.93
50.00, 917.04, 1.571, 24.93, 24.93
50.00, 917.29, 1.571, 24.93, 24.93
50.00, 917.54, 1.571, 24.93, 24.93
50.00, 917.79, 1.571, 24.93, 24.93
50.00, 918.04, 1.571, 24.93, 24.93
50.00, 918.28, 1.571, 24.93, 24.93
50.00, 918.53, 1.571, 24.93, 24.93
50.00, 918.78, 1.571, 24.93, 24.93
50.00, 919.03, 1.571, 24.93, 24.93
50.00, 919.28, 1.571, 24.93, 24.93
50.00, 919.53, 1.571, 24.93, 24.93
50.00, 919.78, 1.571, 24.93, 24.93
50.00, 920.03, 1.571, 24.93, 24.93
50.00, 920.28, 1.571, 24.93, 24.93
50.00, 920.53, 1.571, 24.93, 24.93
50.00, 920.78, 1.571, 24.93, 24.93
50.00, 921.03, 1.571, 24.93, 24.93
50.00, 921.28, 1.571, 24.93, 24.93
50.00, 921.52, 1.571, 24.93, 24.93
50.00, 921.77, 1.571, 24.93, 24.93
50.00, 922.02, 1.571, 24.93, 24.93
50.00, 922.27, 1.571, 24.93, 24.93
50.00, 922.52, 1.571, 24.93, 24.93
50.00, 922.77, 1.571, 24.93, 24.93
50.00, 923.02, 1.571, 24.93, 24.93
50.00, 923.27, 1.571, 24.93, 24.93
50.00, 923.52, 1.571, 24.93, 24.93
50.00, 923.77, 1.571, 24.93, 24.93
50.00, 924.02, 1.571, 24.93, 24.93
50.00, 924.27, 1.571, 24.93, 24.93
50.00, 924.52, 1.571, 24.93, 24.93
50.00, 924.77, 1.571, 24.93, 24.93
50.00, 925.01, 1.571, 24.93, 24.93
50.00, 925.26, 1.571, 24.93, 24.93
50.00, 925.51, 1.571, 24.93, 24.93
50.00, 925.76, 1.571, 24.93, 24.93
50.00, 926.01, 1.571, 24.93, 24.93
50.00, 926.26, 1.571, 24.93, 24.93
50.00, 926.51, 1.571, 24.93, 24.93
50.00, 926.76, 1.571, 24.93, 24.93
50.00, 927.01, 1.571, 24.93, 24.93
50.00, 927.26, 1.571, 24.93, 24.93
50.00, 927.51, 1.571, 24.93, 24.93
50.00, 927.76, 1.571, 24.93, 24.93
50.00, 928.01, 1.571, 24.93, 24.93
50.00, 928.26, 1.571, 24.93, 24.93
50.00, 928.50, 1.571, 24.93, 24.93
50.00, 928.75, 1.571, 24.93, 24.93
50.00, 929.00, 1.571, 24.93, 24.93
50.00, 929.25, 1.571, 24.93, 24.93
50.00, 929.50, 1.571, 24.93, 24.93
50.00, 929.75, 1.571, 24.93, 24.93
50.00, 930.00, 1.571, 24.93, 24.93
50.00, 930.25, 1.571, 24.93, 24.93
50.00, 930.50, 1.571, 24.93, 24.93
50.00, 930.75, 1.571, 24.93, 24.93
50.00, 931.00, 1.571, 24.93, 24.93
50.00, 931.25, 1.571, 24.93, 24.93
50.00, 931.50, 1.571, 24.93, 24.93
50.00, 931.74, 1.571, 24.93, 24.93
50.00, 931.99, 1.571, 24.93, 24.93
50.00, 932.24, 1.571, 24.93, 24.93
50.00, 932.49, 1.571, 24.93, 24.93
50.00, 932.74, 1.571, 24.93, 24.93
50.00, 932.99, 1.571, 24.93, 24.93
50.00, 933.24, 1.571, 24.93, 24.93
50.00, 933.49, 1.571, 24.93, 24.93
50.00, 933.74, 1.571, 24.93, 24.93
50.00, 933.99, 1.571, 24.93, 24.93
50.00, 934.24, 1.571, 24.93, 24.93
50.00, 934.49, 1.571, 24.93, 24.93
50.00, 934.74, 1.571, 24.93, 24.93
50.00, 934.99, 1.571, 24.93, 24.93
50.00, 935.23, 1.571, 24.93, 24.93
50.00, 935.48, 1.571, 24.93, 24.93
50.00, 935.73, 1.571, 24.93, 24.93
50.00, 935.98, 1.571, 24.93, 24.93
50.00, 936.23, 1.571, 24.93, 24.93
50.00, 936.48, 1.571, 24.93, 24.93
50.00, 936.73, 1.571, 24.93, 24.93
50.00, 936.98, 1.571, 24.93, 24.93
50.00, 937.23, 1.571, 24.93, 24.93
50.00, 937.48, 1.571, 24.93, 24.93
50.00, 937.73, 1.571, 24.93, 24.93
50.00, 937.98, 1.571, 24.93, 24.93
50.00, 938.23, 1.571, 24.93, 24.93
